No         Date/Time            Browser            Access Path
---------  -------------------  -----------------  ---------------------------------------------------------------------------------------
000000001  2024-11-27 04:03:31  Google Chrome      C:\xampp\htdocs\aska\application\controllers\SignIn\index 
000000002  2024-11-27 04:08:29  Google Chrome      C:\xampp\htdocs\aska\application\controllers\SignIn\index 
000000003  2024-11-27 04:08:37  Google Chrome      C:\xampp\htdocs\aska\application\controllers\SignIn\index 
000000004  2024-11-27 04:11:05  Google Chrome      C:\xampp\htdocs\aska\application\controllers\SignIn\index 
000000005  2024-11-27 04:11:13  Google Chrome      C:\xampp\htdocs\aska\application\controllers\SignIn\index 
000000006  2024-11-27 04:11:56  Google Chrome      C:\xampp\htdocs\aska\application\controllers\SignIn\index 
000000007  2024-11-27 04:11:57  Google Chrome      hari01 : C:\xampp\htdocs\aska\application\controllers\Dashboard\Home\index 
000000008  2024-11-27 04:12:03  Google Chrome      hari01 : C:\xampp\htdocs\aska\application\controllers\Dashboard\Pegawai\InputData\index 
000000009  2024-11-27 04:13:32  Google Chrome      hari01 : C:\xampp\htdocs\aska\application\controllers\Dashboard\Pegawai\InputData\index 
000000010  2024-11-27 04:14:46  Google Chrome      hari01 : C:\xampp\htdocs\aska\application\controllers\Dashboard\Pegawai\InputData\index 
000000011  2024-11-27 04:22:04  Google Chrome      hari01 : C:\xampp\htdocs\aska\application\controllers\Dashboard\Pegawai\InputData\index 
000000012  2024-11-27 04:22:22  Google Chrome      hari01 : C:\xampp\htdocs\aska\application\controllers\Dashboard\Pegawai\InputData\index 
000000013  2024-11-27 04:24:07  Google Chrome      hari01 : C:\xampp\htdocs\aska\application\controllers\Dashboard\Pegawai\InputData\index 
000000014  2024-11-27 04:40:44  Google Chrome      hari01 : C:\xampp\htdocs\aska\application\controllers\Dashboard\Pegawai\InputData\index 
000000015  2024-11-27 04:41:26  Google Chrome      hari01 : C:\xampp\htdocs\aska\application\controllers\Dashboard\Pegawai\InputData\index 
000000016  2024-11-27 04:45:46  Google Chrome      hari01 : C:\xampp\htdocs\aska\application\controllers\Dashboard\Pegawai\InputData\index 
000000017  2024-11-27 04:46:14  Google Chrome      hari01 : C:\xampp\htdocs\aska\application\controllers\Dashboard\Pegawai\InputData\index 
000000018  2024-11-27 04:48:13  Google Chrome      hari01 : C:\xampp\htdocs\aska\application\controllers\Dashboard\Pegawai\InputData\index 
000000019  2024-11-27 04:49:48  Google Chrome      hari01 : C:\xampp\htdocs\aska\application\controllers\Dashboard\Pegawai\InputData\index 
000000020  2024-11-27 04:50:30  Google Chrome      hari01 : C:\xampp\htdocs\aska\application\controllers\Dashboard\Pegawai\InputData\index 
000000021  2024-11-27 04:51:20  Google Chrome      hari01 : C:\xampp\htdocs\aska\application\controllers\Dashboard\Pegawai\InputData\index 
000000022  2024-11-27 04:51:40  Google Chrome      hari01 : C:\xampp\htdocs\aska\application\controllers\Dashboard\Pegawai\InputData\index 
000000023  2024-11-27 04:52:06  Google Chrome      hari01 : C:\xampp\htdocs\aska\application\controllers\Dashboard\Pegawai\InputData\index 
000000024  2024-11-27 04:56:47  Google Chrome      hari01 : C:\xampp\htdocs\aska\application\controllers\Dashboard\Pegawai\InputData\index 
000000025  2024-11-27 04:58:46  Google Chrome      hari01 : C:\xampp\htdocs\aska\application\controllers\Dashboard\Pegawai\InputData\index 
000000026  2024-11-27 05:08:00  Google Chrome      hari01 : C:\xampp\htdocs\aska\application\controllers\Dashboard\Pegawai\InputData\index 
000000027  2024-11-27 05:08:43  Google Chrome      hari01 : C:\xampp\htdocs\aska\application\controllers\Dashboard\Pegawai\InputData\index 
000000028  2024-11-27 05:09:26  Google Chrome      hari01 : C:\xampp\htdocs\aska\application\controllers\Dashboard\Pegawai\InputData\index 
000000029  2024-11-27 05:10:23  Google Chrome      hari01 : C:\xampp\htdocs\aska\application\controllers\Dashboard\Pegawai\InputData\index 
000000030  2024-11-27 05:10:37  Google Chrome      hari01 : C:\xampp\htdocs\aska\application\controllers\Dashboard\Pegawai\InputData\index 
000000031  2024-11-27 05:10:51  Google Chrome      hari01 : C:\xampp\htdocs\aska\application\controllers\Dashboard\Pegawai\InputData\index 
000000032  2024-11-27 05:11:07  Google Chrome      hari01 : C:\xampp\htdocs\aska\application\controllers\Dashboard\Pegawai\InputData\index 
000000033  2024-11-27 05:12:58  Google Chrome      hari01 : C:\xampp\htdocs\aska\application\controllers\Dashboard\Pegawai\InputData\index 
000000034  2024-11-27 05:13:24  Google Chrome      hari01 : C:\xampp\htdocs\aska\application\controllers\Dashboard\Pegawai\InputData\index 
000000035  2024-11-27 05:14:23  Google Chrome      hari01 : C:\xampp\htdocs\aska\application\controllers\Dashboard\Pegawai\InputData\index 
000000036  2024-11-27 05:14:38  Google Chrome      hari01 : C:\xampp\htdocs\aska\application\controllers\Dashboard\Pegawai\InputData\index 
000000037  2024-11-27 05:15:44  Google Chrome      hari01 : C:\xampp\htdocs\aska\application\controllers\Dashboard\Pegawai\InputData\index 
000000038  2024-11-27 05:18:26  Google Chrome      hari01 : C:\xampp\htdocs\aska\application\controllers\Dashboard\Pegawai\InputData\index 
000000039  2024-11-27 05:19:58  Google Chrome      hari01 : C:\xampp\htdocs\aska\application\controllers\Dashboard\Pegawai\InputData\index 
000000040  2024-11-27 05:20:13  Google Chrome      hari01 : C:\xampp\htdocs\aska\application\controllers\Dashboard\Pegawai\InputData\index 
000000041  2024-11-27 05:20:25  Google Chrome      hari01 : C:\xampp\htdocs\aska\application\controllers\Dashboard\Pegawai\InputData\index 
000000042  2024-11-27 05:20:59  Google Chrome      hari01 : C:\xampp\htdocs\aska\application\controllers\Dashboard\Pegawai\InputData\index 
000000043  2024-11-27 05:21:20  Google Chrome      hari01 : C:\xampp\htdocs\aska\application\controllers\Dashboard\Home\index 
000000044  2024-11-27 05:21:27  Google Chrome      hari01 : C:\xampp\htdocs\aska\application\controllers\Dashboard\Pegawai\InputData\index 
000000045  2024-11-27 05:23:21  Google Chrome      hari01 : C:\xampp\htdocs\aska\application\controllers\Dashboard\Pegawai\InputData\index 
000000046  2024-11-27 05:24:03  Google Chrome      hari01 : C:\xampp\htdocs\aska\application\controllers\Dashboard\Pegawai\InputData\index 
000000047  2024-11-27 05:24:45  Google Chrome      hari01 : C:\xampp\htdocs\aska\application\controllers\Dashboard\Pegawai\InputData\index 
000000048  2024-11-27 05:25:26  Google Chrome      hari01 : C:\xampp\htdocs\aska\application\controllers\Dashboard\Pegawai\InputData\index 
000000049  2024-11-27 05:27:04  Google Chrome      hari01 : C:\xampp\htdocs\aska\application\controllers\Dashboard\Pegawai\InputData\index 
000000050  2024-11-27 05:30:38  Google Chrome      hari01 : C:\xampp\htdocs\aska\application\controllers\Dashboard\Pegawai\InputData\index 
000000051  2024-11-27 05:32:09  Google Chrome      hari01 : C:\xampp\htdocs\aska\application\controllers\Dashboard\Pegawai\InputData\index 
000000052  2024-11-27 05:34:11  Google Chrome      hari01 : C:\xampp\htdocs\aska\application\controllers\Dashboard\Pegawai\InputData\index 
000000053  2024-11-27 05:34:37  Google Chrome      hari01 : C:\xampp\htdocs\aska\application\controllers\Dashboard\Pegawai\InputData\index 
000000054  2024-11-27 05:36:25  Google Chrome      hari01 : C:\xampp\htdocs\aska\application\controllers\Dashboard\Pegawai\InputData\index 
000000055  2024-11-27 05:37:00  Google Chrome      hari01 : C:\xampp\htdocs\aska\application\controllers\Dashboard\Pegawai\InputData\index 
000000056  2024-11-27 05:37:38  Google Chrome      hari01 : C:\xampp\htdocs\aska\application\controllers\Dashboard\Pegawai\InputData\index 
000000057  2024-11-27 05:38:50  Google Chrome      hari01 : C:\xampp\htdocs\aska\application\controllers\Dashboard\Pegawai\InputData\index 
000000058  2024-11-27 05:39:22  Google Chrome      hari01 : C:\xampp\htdocs\aska\application\controllers\Dashboard\Pegawai\InputData\index 
000000059  2024-11-27 05:40:15  Google Chrome      hari01 : C:\xampp\htdocs\aska\application\controllers\Dashboard\Pegawai\InputData\index 
000000060  2024-11-27 05:40:39  Google Chrome      hari01 : C:\xampp\htdocs\aska\application\controllers\Dashboard\Pegawai\InputData\index 
000000061  2024-11-27 05:40:48  Google Chrome      hari01 : C:\xampp\htdocs\aska\application\controllers\Dashboard\Pegawai\InputData\index 
000000062  2024-11-27 05:41:11  Google Chrome      hari01 : C:\xampp\htdocs\aska\application\controllers\Dashboard\Pegawai\InputData\index 
000000063  2024-11-27 05:42:47  Google Chrome      hari01 : C:\xampp\htdocs\aska\application\controllers\Dashboard\Pegawai\InputData\index 
000000064  2024-11-27 08:38:04  Google Chrome      C:\xampp\htdocs\aska\application\controllers\SignIn\index 
000000065  2024-11-27 08:38:20  Google Chrome      C:\xampp\htdocs\aska\application\controllers\SignIn\index 
000000066  2024-11-27 08:38:27  Google Chrome      C:\xampp\htdocs\aska\application\controllers\SignIn\index 
000000067  2024-11-27 08:38:28  Google Chrome      hari01 : C:\xampp\htdocs\aska\application\controllers\Dashboard\Pegawai\InputData\index 
000000068  2024-11-27 08:39:52  Google Chrome      hari01 : C:\xampp\htdocs\aska\application\controllers\Dashboard\Pegawai\InputData\index 
000000069  2024-11-27 08:40:40  Google Chrome      hari01 : C:\xampp\htdocs\aska\application\controllers\Dashboard\Pegawai\InputData\index 
000000070  2024-11-27 08:46:43  Google Chrome      hari01 : C:\xampp\htdocs\aska\application\controllers\Dashboard\Pegawai\InputData\index 
000000071  2024-11-27 08:50:52  Google Chrome      hari01 : C:\xampp\htdocs\aska\application\controllers\Dashboard\Pegawai\InputData\index 
000000072  2024-11-27 08:51:01  Google Chrome      hari01 : C:\xampp\htdocs\aska\application\controllers\Dashboard\Pegawai\InputData\index 
000000073  2024-11-27 08:53:18  Google Chrome      hari01 : C:\xampp\htdocs\aska\application\controllers\Dashboard\Pegawai\InputData\index 
000000074  2024-11-27 08:56:41  Google Chrome      hari01 : C:\xampp\htdocs\aska\application\controllers\Dashboard\Pegawai\InputData\index 
000000075  2024-11-27 08:58:15  Google Chrome      hari01 : C:\xampp\htdocs\aska\application\controllers\Dashboard\Pegawai\InputData\index 
000000076  2024-11-27 08:59:24  Google Chrome      hari01 : C:\xampp\htdocs\aska\application\controllers\Dashboard\Pegawai\InputData\index 
000000077  2024-11-27 08:59:40  Google Chrome      hari01 : C:\xampp\htdocs\aska\application\controllers\Dashboard\Pegawai\InputData\index 
000000078  2024-11-27 09:00:37  Google Chrome      hari01 : C:\xampp\htdocs\aska\application\controllers\Dashboard\Pegawai\InputData\index 
000000079  2024-11-27 09:03:07  Google Chrome      hari01 : C:\xampp\htdocs\aska\application\controllers\Dashboard\Pegawai\InputData\index 
000000080  2024-11-27 09:04:09  Google Chrome      hari01 : C:\xampp\htdocs\aska\application\controllers\Dashboard\Pegawai\InputData\index 
000000081  2024-11-27 09:04:52  Google Chrome      hari01 : C:\xampp\htdocs\aska\application\controllers\Dashboard\Pegawai\InputData\index 
000000082  2024-11-27 09:05:59  Google Chrome      hari01 : C:\xampp\htdocs\aska\application\controllers\Dashboard\Pegawai\InputData\index 
000000083  2024-11-27 09:06:22  Google Chrome      hari01 : C:\xampp\htdocs\aska\application\controllers\Dashboard\Pegawai\InputData\index 
000000084  2024-11-27 09:06:34  Google Chrome      hari01 : C:\xampp\htdocs\aska\application\controllers\Dashboard\Pegawai\InputData\index 
000000085  2024-11-27 09:08:19  Google Chrome      hari01 : C:\xampp\htdocs\aska\application\controllers\Dashboard\Pegawai\InputData\index 
000000086  2024-11-27 09:08:29  Google Chrome      hari01 : C:\xampp\htdocs\aska\application\controllers\Dashboard\Pegawai\InputData\index 
000000087  2024-11-27 09:09:22  Google Chrome      hari01 : C:\xampp\htdocs\aska\application\controllers\Dashboard\Pegawai\InputData\index 
000000088  2024-11-27 09:09:26  Google Chrome      hari01 : C:\xampp\htdocs\aska\application\controllers\Dashboard\Pegawai\InputData\index 
000000089  2024-11-27 09:09:29  Google Chrome      hari01 : C:\xampp\htdocs\aska\application\controllers\Dashboard\Pegawai\InputData\index 
000000090  2024-11-27 09:09:53  Google Chrome      hari01 : C:\xampp\htdocs\aska\application\controllers\Dashboard\Pegawai\InputData\index 
000000091  2024-11-27 09:10:06  Google Chrome      hari01 : C:\xampp\htdocs\aska\application\controllers\Dashboard\Pegawai\InputData\index 
000000092  2024-11-27 09:12:22  Google Chrome      hari01 : C:\xampp\htdocs\aska\application\controllers\Dashboard\Pegawai\InputData\index 
000000093  2024-11-27 09:12:36  Google Chrome      hari01 : C:\xampp\htdocs\aska\application\controllers\Dashboard\Pegawai\InputData\index 
000000094  2024-11-27 09:12:49  Google Chrome      hari01 : C:\xampp\htdocs\aska\application\controllers\Dashboard\Pegawai\InputData\index 
000000095  2024-11-27 09:14:13  Google Chrome      hari01 : C:\xampp\htdocs\aska\application\controllers\Dashboard\Pegawai\InputData\index 
000000096  2024-11-27 09:15:54  Google Chrome      hari01 : C:\xampp\htdocs\aska\application\controllers\Dashboard\Pegawai\InputData\index 
000000097  2024-11-27 09:17:59  Google Chrome      hari01 : C:\xampp\htdocs\aska\application\controllers\Dashboard\Pegawai\InputData\index 
000000098  2024-11-27 09:19:14  Google Chrome      hari01 : C:\xampp\htdocs\aska\application\controllers\Dashboard\Pegawai\InputData\index 
000000099  2024-11-27 09:20:11  Google Chrome      hari01 : C:\xampp\htdocs\aska\application\controllers\Dashboard\Pegawai\InputData\index 
000000100  2024-11-27 09:20:47  Google Chrome      hari01 : C:\xampp\htdocs\aska\application\controllers\Dashboard\Pegawai\InputData\index 
000000101  2024-11-27 09:21:33  Google Chrome      hari01 : C:\xampp\htdocs\aska\application\controllers\Dashboard\Pegawai\InputData\index 
000000102  2024-11-27 09:22:42  Google Chrome      hari01 : C:\xampp\htdocs\aska\application\controllers\Dashboard\Pegawai\InputData\index 
000000103  2024-11-27 09:23:43  Google Chrome      hari01 : C:\xampp\htdocs\aska\application\controllers\Dashboard\Pegawai\InputData\index 
000000104  2024-11-27 09:24:05  Google Chrome      hari01 : C:\xampp\htdocs\aska\application\controllers\Dashboard\Pegawai\InputData\index 
000000105  2024-11-27 09:25:18  Google Chrome      hari01 : C:\xampp\htdocs\aska\application\controllers\Dashboard\Pegawai\InputData\index 
000000106  2024-11-27 09:25:37  Google Chrome      hari01 : C:\xampp\htdocs\aska\application\controllers\Dashboard\Pegawai\InputData\index 
000000107  2024-11-27 09:27:26  Google Chrome      hari01 : C:\xampp\htdocs\aska\application\controllers\Dashboard\Pegawai\InputData\index 
000000108  2024-11-27 09:30:39  Google Chrome      hari01 : C:\xampp\htdocs\aska\application\controllers\Dashboard\Pegawai\InputData\index 
000000109  2024-11-27 09:31:12  Google Chrome      hari01 : C:\xampp\htdocs\aska\application\controllers\Dashboard\Pegawai\InputData\index 
000000110  2024-11-27 09:32:02  Google Chrome      hari01 : C:\xampp\htdocs\aska\application\controllers\Dashboard\Pegawai\InputData\index 
000000111  2024-11-27 09:32:33  Google Chrome      hari01 : C:\xampp\htdocs\aska\application\controllers\Dashboard\Pegawai\InputData\index 
000000112  2024-11-27 09:33:25  Google Chrome      hari01 : C:\xampp\htdocs\aska\application\controllers\Dashboard\Pegawai\InputData\index 
000000113  2024-11-27 09:33:52  Google Chrome      hari01 : C:\xampp\htdocs\aska\application\controllers\Dashboard\Pegawai\InputData\index 
000000114  2024-11-27 09:34:33  Google Chrome      hari01 : C:\xampp\htdocs\aska\application\controllers\Dashboard\Pegawai\InputData\index 
000000115  2024-11-27 09:35:08  Google Chrome      hari01 : C:\xampp\htdocs\aska\application\controllers\Dashboard\Pegawai\InputData\index 
000000116  2024-11-27 09:35:39  Google Chrome      hari01 : C:\xampp\htdocs\aska\application\controllers\Dashboard\Pegawai\InputData\index 
000000117  2024-11-27 09:35:54  Google Chrome      hari01 : C:\xampp\htdocs\aska\application\controllers\Dashboard\Pegawai\InputData\index 
000000118  2024-11-27 09:36:27  Google Chrome      hari01 : C:\xampp\htdocs\aska\application\controllers\Dashboard\Pegawai\InputData\index 
000000119  2024-11-27 09:37:02  Google Chrome      hari01 : C:\xampp\htdocs\aska\application\controllers\Dashboard\Pegawai\InputData\index 
000000120  2024-11-27 09:37:38  Google Chrome      hari01 : C:\xampp\htdocs\aska\application\controllers\Dashboard\Pegawai\InputData\index 
000000121  2024-11-27 09:39:09  Google Chrome      hari01 : C:\xampp\htdocs\aska\application\controllers\Dashboard\Pegawai\InputData\index 
000000122  2024-11-27 09:39:37  Google Chrome      hari01 : C:\xampp\htdocs\aska\application\controllers\Dashboard\Pegawai\InputData\index 
000000123  2024-11-27 09:40:12  Google Chrome      hari01 : C:\xampp\htdocs\aska\application\controllers\Dashboard\Pegawai\InputData\index 
000000124  2024-11-27 09:41:19  Google Chrome      hari01 : C:\xampp\htdocs\aska\application\controllers\Dashboard\Pegawai\InputData\index 
000000125  2024-11-27 09:41:32  Google Chrome      hari01 : C:\xampp\htdocs\aska\application\controllers\Dashboard\Pegawai\InputData\index 
000000126  2024-11-27 09:42:01  Google Chrome      hari01 : C:\xampp\htdocs\aska\application\controllers\Dashboard\Pegawai\InputData\index 
000000127  2024-11-27 09:42:41  Google Chrome      hari01 : C:\xampp\htdocs\aska\application\controllers\Dashboard\Pegawai\InputData\index 
000000128  2024-11-27 09:42:56  Google Chrome      hari01 : C:\xampp\htdocs\aska\application\controllers\Dashboard\Pegawai\InputData\index 
000000129  2024-11-27 09:43:10  Google Chrome      hari01 : C:\xampp\htdocs\aska\application\controllers\Dashboard\Pegawai\InputData\index 
000000130  2024-11-27 09:43:28  Google Chrome      hari01 : C:\xampp\htdocs\aska\application\controllers\Dashboard\Pegawai\InputData\index 
000000131  2024-11-27 11:53:01  Google Chrome      C:\xampp\htdocs\aska\application\controllers\SignIn\index 
000000132  2024-11-27 11:53:15  Google Chrome      C:\xampp\htdocs\aska\application\controllers\SignIn\index 
000000133  2024-11-27 11:53:15  Google Chrome      hari01 : C:\xampp\htdocs\aska\application\controllers\Dashboard\Pegawai\InputData\index 
000000134  2024-11-27 11:54:15  Google Chrome      hari01 : C:\xampp\htdocs\aska\application\controllers\Dashboard\Pegawai\InputData\index 
000000135  2024-11-27 11:54:46  Google Chrome      hari01 : C:\xampp\htdocs\aska\application\controllers\Dashboard\Pegawai\InputData\index 
000000136  2024-11-27 11:57:09  Google Chrome      hari01 : C:\xampp\htdocs\aska\application\controllers\Dashboard\Pegawai\InputData\index 
000000137  2024-11-27 12:01:35  Google Chrome      hari01 : C:\xampp\htdocs\aska\application\controllers\Dashboard\Pegawai\InputData\index 
000000138  2024-11-27 12:10:46  Google Chrome      hari01 : C:\xampp\htdocs\aska\application\controllers\Dashboard\Pegawai\InputData\index 
000000139  2024-11-27 12:13:08  Google Chrome      hari01 : C:\xampp\htdocs\aska\application\controllers\Dashboard\Pegawai\InputData\index 
000000140  2024-11-27 12:16:18  Google Chrome      hari01 : C:\xampp\htdocs\aska\application\controllers\Dashboard\Pegawai\InputData\index 
000000141  2024-11-27 12:23:12  Google Chrome      hari01 : C:\xampp\htdocs\aska\application\controllers\Dashboard\Pegawai\InputData\index 
000000142  2024-11-27 12:24:08  Google Chrome      hari01 : C:\xampp\htdocs\aska\application\controllers\Dashboard\Pegawai\InputData\index 
000000143  2024-11-27 12:26:04  Google Chrome      hari01 : C:\xampp\htdocs\aska\application\controllers\Dashboard\Pegawai\InputData\index 
000000144  2024-11-27 12:29:45  Google Chrome      hari01 : C:\xampp\htdocs\aska\application\controllers\Dashboard\Pegawai\InputData\index 
000000145  2024-11-27 12:30:09  Google Chrome      hari01 : C:\xampp\htdocs\aska\application\controllers\Dashboard\Pegawai\InputData\index 
000000146  2024-11-27 14:02:22  Google Chrome      hari01 : C:\xampp\htdocs\aska\application\controllers\Dashboard\Pegawai\InputData\index 
000000147  2024-11-27 14:07:05  Google Chrome      hari01 : C:\xampp\htdocs\aska\application\controllers\Dashboard\Pegawai\InputData\index 
000000148  2024-11-27 14:09:54  Google Chrome      hari01 : C:\xampp\htdocs\aska\application\controllers\Dashboard\Pegawai\InputData\index 
000000149  2024-11-27 14:17:09  Google Chrome      hari01 : C:\xampp\htdocs\aska\application\controllers\Dashboard\Pegawai\InputData\index 
000000150  2024-11-27 14:17:25  Google Chrome      hari01 : C:\xampp\htdocs\aska\application\controllers\Dashboard\Pegawai\InputData\index 
000000151  2024-11-27 14:17:36  Google Chrome      hari01 : C:\xampp\htdocs\aska\application\controllers\Dashboard\Pegawai\InputData\index 
000000152  2024-11-27 14:19:34  Google Chrome      hari01 : C:\xampp\htdocs\aska\application\controllers\Dashboard\Pegawai\InputData\index 
000000153  2024-11-27 14:21:02  Google Chrome      hari01 : C:\xampp\htdocs\aska\application\controllers\Dashboard\Pegawai\InputData\index 
000000154  2024-11-27 14:27:01  Google Chrome      hari01 : C:\xampp\htdocs\aska\application\controllers\Dashboard\Pegawai\InputData\index 
000000155  2024-11-27 14:32:01  Google Chrome      hari01 : C:\xampp\htdocs\aska\application\controllers\Dashboard\Pegawai\InputData\index 
000000156  2024-11-27 14:42:55  Google Chrome      hari01 : C:\xampp\htdocs\aska\application\controllers\Dashboard\Pegawai\InputData\index 
000000157  2024-11-27 15:52:02  Google Chrome      hari01 : C:\xampp\htdocs\aska\application\controllers\Dashboard\Pegawai\InputData\index 
000000158  2024-11-27 15:53:10  Google Chrome      hari01 : C:\xampp\htdocs\aska\application\models\Dashboard\Pegawai\InputDataModel\saveDataPegawai save data pegawai started
000000159  2024-11-27 15:53:10  Google Chrome      hari01 : C:\xampp\htdocs\aska\application\models\Dashboard\Pegawai\InputDataModel\saveDataPegawai save data pegawai failed : Unknown column 'status_lock' in 'field list'
000000160  2024-11-27 15:56:10  Google Chrome      hari01 : C:\xampp\htdocs\aska\application\models\Dashboard\Pegawai\InputDataModel\saveDataPegawai save data pegawai started
000000161  2024-11-27 16:03:04  Google Chrome      hari01 : C:\xampp\htdocs\aska\application\models\Dashboard\Pegawai\InputDataModel\saveDataPegawai save data pegawai started
000000162  2024-11-27 16:06:42  Google Chrome      hari01 : C:\xampp\htdocs\aska\application\models\Dashboard\Pegawai\InputDataModel\saveDataPegawai save data pegawai started
000000163  2024-11-27 16:08:03  Google Chrome      hari01 : C:\xampp\htdocs\aska\application\models\Dashboard\Pegawai\InputDataModel\saveDataPegawai save data pegawai started
000000164  2024-11-27 16:08:47  Google Chrome      hari01 : C:\xampp\htdocs\aska\application\models\Dashboard\Pegawai\InputDataModel\saveDataPegawai save data pegawai started
000000165  2024-11-27 16:28:25  Google Chrome      hari01 : C:\xampp\htdocs\aska\application\controllers\Dashboard\Pegawai\InputData\index 
000000166  2024-11-27 16:29:54  Google Chrome      hari01 : C:\xampp\htdocs\aska\application\controllers\Dashboard\Pegawai\InputData\index 
000000167  2024-11-27 16:32:10  Google Chrome      hari01 : C:\xampp\htdocs\aska\application\controllers\Dashboard\Pegawai\InputData\index 
000000168  2024-11-27 16:33:06  Google Chrome      hari01 : C:\xampp\htdocs\aska\application\controllers\Dashboard\Pegawai\InputData\index 
000000169  2024-11-27 16:39:03  Google Chrome      hari01 : C:\xampp\htdocs\aska\application\controllers\Dashboard\Pegawai\InputData\index 
000000170  2024-11-27 16:39:56  Google Chrome      hari01 : C:\xampp\htdocs\aska\application\models\Dashboard\Pegawai\InputDataModel\saveDataPegawai save data pegawai started
000000171  2024-11-27 16:40:28  Google Chrome      hari01 : C:\xampp\htdocs\aska\application\models\Dashboard\Pegawai\InputDataModel\saveDataPegawai save data pegawai started
000000172  2024-11-27 16:41:19  Google Chrome      hari01 : C:\xampp\htdocs\aska\application\models\Dashboard\Pegawai\InputDataModel\saveDataPegawai save data pegawai started
000000173  2024-11-27 16:43:25  Google Chrome      hari01 : C:\xampp\htdocs\aska\application\models\Dashboard\Pegawai\InputDataModel\saveDataPegawai save data pegawai started
