No         Date/Time            Browser            Access Path
---------  -------------------  -----------------  ---------------------------------------------------------------------------------------
000000001  2024-11-28 00:26:09  Google Chrome      C:\xampp\htdocs\aska\application\controllers\SignIn\index 
000000002  2024-11-28 00:26:17  Google Chrome      C:\xampp\htdocs\aska\application\controllers\SignIn\index 
000000003  2024-11-28 00:26:19  Google Chrome      hari01 : C:\xampp\htdocs\aska\application\controllers\Dashboard\Home\index 
000000004  2024-11-28 00:26:24  Google Chrome      hari01 : C:\xampp\htdocs\aska\application\controllers\Dashboard\Pegawai\InputData\index 
000000005  2024-11-28 00:29:11  Google Chrome      hari01 : C:\xampp\htdocs\aska\application\controllers\Dashboard\Pegawai\InputData\index 
000000006  2024-11-28 00:29:45  Google Chrome      hari01 : C:\xampp\htdocs\aska\application\controllers\Dashboard\Pegawai\InputData\index 
000000007  2024-11-28 00:30:41  Google Chrome      hari01 : C:\xampp\htdocs\aska\application\controllers\Dashboard\Pegawai\InputData\index 
000000008  2024-11-28 00:33:20  Google Chrome      hari01 : C:\xampp\htdocs\aska\application\controllers\Dashboard\Pegawai\InputData\index 
000000009  2024-11-28 00:33:58  Google Chrome      hari01 : C:\xampp\htdocs\aska\application\controllers\Dashboard\Pegawai\InputData\index 
000000010  2024-11-28 00:34:24  Google Chrome      hari01 : C:\xampp\htdocs\aska\application\controllers\Dashboard\Pegawai\InputData\index 
000000011  2024-11-28 00:34:53  Google Chrome      hari01 : C:\xampp\htdocs\aska\application\controllers\Dashboard\Pegawai\InputData\index 
000000012  2024-11-28 00:36:23  Google Chrome      hari01 : C:\xampp\htdocs\aska\application\controllers\Dashboard\Pegawai\InputData\index 
000000013  2024-11-28 00:36:32  Google Chrome      hari01 : C:\xampp\htdocs\aska\application\controllers\Dashboard\Pegawai\InputData\index 
000000014  2024-11-28 01:29:26  Google Chrome      hari01 : C:\xampp\htdocs\aska\application\controllers\Dashboard\Pegawai\InputData\index 
000000015  2024-11-28 01:29:30  Google Chrome      hari01 : C:\xampp\htdocs\aska\application\controllers\Dashboard\Pegawai\InputData\index 
000000016  2024-11-28 01:30:03  Google Chrome      hari01 : C:\xampp\htdocs\aska\application\controllers\Dashboard\Pegawai\InputData\index 
000000017  2024-11-28 01:30:38  Google Chrome      hari01 : C:\xampp\htdocs\aska\application\controllers\Dashboard\Pegawai\InputData\index 
000000018  2024-11-28 01:30:55  Google Chrome      hari01 : C:\xampp\htdocs\aska\application\controllers\Dashboard\Pegawai\InputData\index 
000000019  2024-11-28 01:34:43  Google Chrome      hari01 : C:\xampp\htdocs\aska\application\controllers\Dashboard\Pegawai\InputData\index 
000000020  2024-11-28 01:36:31  Google Chrome      hari01 : C:\xampp\htdocs\aska\application\controllers\Dashboard\Pegawai\InputData\index 
000000021  2024-11-28 01:37:05  Google Chrome      hari01 : C:\xampp\htdocs\aska\application\controllers\Dashboard\Pegawai\InputData\index 
000000022  2024-11-28 01:37:12  Google Chrome      hari01 : C:\xampp\htdocs\aska\application\controllers\Dashboard\Pegawai\InputData\index 
000000023  2024-11-28 01:37:59  Google Chrome      hari01 : C:\xampp\htdocs\aska\application\controllers\Dashboard\Pegawai\InputData\index 
000000024  2024-11-28 01:41:15  Google Chrome      hari01 : C:\xampp\htdocs\aska\application\controllers\Dashboard\Pegawai\InputData\index 
000000025  2024-11-28 01:44:30  Google Chrome      hari01 : C:\xampp\htdocs\aska\application\controllers\Dashboard\Pegawai\InputData\index 
000000026  2024-11-28 01:45:32  Google Chrome      hari01 : C:\xampp\htdocs\aska\application\controllers\Dashboard\Pegawai\InputData\index 
000000027  2024-11-28 01:48:48  Google Chrome      hari01 : C:\xampp\htdocs\aska\application\controllers\Dashboard\Pegawai\InputData\index 
000000028  2024-11-28 01:49:26  Google Chrome      hari01 : C:\xampp\htdocs\aska\application\controllers\Dashboard\Pegawai\InputData\index 
000000029  2024-11-28 01:52:12  Google Chrome      hari01 : C:\xampp\htdocs\aska\application\controllers\Dashboard\Pegawai\InputData\index 
000000030  2024-11-28 01:53:06  Google Chrome      hari01 : C:\xampp\htdocs\aska\application\controllers\Dashboard\Pegawai\InputData\index 
000000031  2024-11-28 01:53:37  Google Chrome      hari01 : C:\xampp\htdocs\aska\application\controllers\Dashboard\Pegawai\InputData\index 
000000032  2024-11-28 01:55:05  Google Chrome      hari01 : C:\xampp\htdocs\aska\application\controllers\Dashboard\Pegawai\InputData\index 
000000033  2024-11-28 01:55:22  Google Chrome      hari01 : C:\xampp\htdocs\aska\application\controllers\Dashboard\Pegawai\InputData\index 
000000034  2024-11-28 01:57:07  Google Chrome      hari01 : C:\xampp\htdocs\aska\application\controllers\Dashboard\Pegawai\InputData\index 
000000035  2024-11-28 01:57:49  Google Chrome      hari01 : C:\xampp\htdocs\aska\application\controllers\Dashboard\Pegawai\InputData\index 
000000036  2024-11-28 02:03:26  Google Chrome      hari01 : C:\xampp\htdocs\aska\application\controllers\Dashboard\Pegawai\InputData\index 
000000037  2024-11-28 02:04:45  Google Chrome      hari01 : C:\xampp\htdocs\aska\application\controllers\Dashboard\Pegawai\InputData\index 
000000038  2024-11-28 02:05:29  Google Chrome      hari01 : C:\xampp\htdocs\aska\application\controllers\Dashboard\Pegawai\InputData\index 
000000039  2024-11-28 16:01:10  Google Chrome      C:\xampp\htdocs\aska\application\controllers\SignIn\index 
000000040  2024-11-28 16:11:10  Google Chrome      C:\xampp\htdocs\aska\application\controllers\SignIn\index 
000000041  2024-11-28 16:11:11  Google Chrome      hari01 : C:\xampp\htdocs\aska\application\controllers\Dashboard\Home\index 
000000042  2024-11-28 16:12:03  Google Chrome      hari01 : C:\xampp\htdocs\aska\application\controllers\Dashboard\Home\index 
000000043  2024-11-28 16:26:01  Google Chrome      hari01 : C:\xampp\htdocs\aska\application\controllers\Dashboard\Pegawai\InputData\index 
000000044  2024-11-28 16:29:54  Google Chrome      hari01 : C:\xampp\htdocs\aska\application\controllers\Dashboard\Pegawai\InputData\index 
000000045  2024-11-28 16:31:21  Google Chrome      hari01 : C:\xampp\htdocs\aska\application\controllers\Dashboard\Pegawai\InputData\index 
000000046  2024-11-28 16:31:33  Google Chrome      hari01 : C:\xampp\htdocs\aska\application\controllers\Dashboard\Pegawai\InputData\index 
000000047  2024-11-28 16:31:55  Google Chrome      hari01 : C:\xampp\htdocs\aska\application\controllers\Dashboard\Pegawai\InputData\index 
000000048  2024-11-28 16:32:34  Google Chrome      hari01 : C:\xampp\htdocs\aska\application\controllers\Dashboard\Pegawai\InputData\index 
000000049  2024-11-28 16:33:09  Google Chrome      hari01 : C:\xampp\htdocs\aska\application\controllers\Dashboard\Pegawai\InputData\index 
000000050  2024-11-28 16:33:25  Google Chrome      hari01 : C:\xampp\htdocs\aska\application\controllers\Dashboard\Pegawai\InputData\index 
