No         Date/Time            Browser            Access Path
---------  -------------------  -----------------  ---------------------------------------------------------------------------------------
000000001  2024-11-26 00:00:39  Google Chrome      hari01 : C:\xampp\htdocs\hris\application\controllers\Dashboard\Pegawai\InputData\index 
000000002  2024-11-26 00:00:39  Google Chrome      hari01 : C:\xampp\htdocs\hris\application\controllers\Dashboard\Pegawai\InputData\getDataPegawai 
000000003  2024-11-26 00:00:39  Google Chrome      hari01 : C:\xampp\htdocs\hris\application\models\Dashboard\Pegawai\InputDataModel\getDataPegawai 
000000004  2024-11-26 00:02:55  Google Chrome      hari01 : C:\xampp\htdocs\hris\application\controllers\SignIn\logout 
000000005  2024-11-26 00:02:55  Google Chrome      C:\xampp\htdocs\hris\application\controllers\SignIn\index 
000000006  2024-11-26 00:05:42  Google Chrome      C:\xampp\htdocs\hris\application\controllers\SignIn\index 
000000007  2024-11-26 00:06:14  Google Chrome      C:\xampp\htdocs\hris\application\controllers\SignIn\index 
000000008  2024-11-26 00:08:49  Google Chrome      C:\xampp\htdocs\aska\application\controllers\SignIn\index 
000000009  2024-11-26 00:13:45  Google Chrome      C:\xampp\htdocs\aska\application\controllers\SignIn\index 
000000010  2024-11-26 00:17:26  Google Chrome      C:\xampp\htdocs\aska\application\controllers\SignIn\index 
000000011  2024-11-26 00:17:51  Google Chrome      C:\xampp\htdocs\aska\application\controllers\SignIn\index 
000000012  2024-11-26 00:19:31  Google Chrome      C:\xampp\htdocs\aska\application\controllers\SignIn\index 
000000013  2024-11-26 00:24:00  Google Chrome      C:\xampp\htdocs\aska\application\controllers\SignIn\index 
000000014  2024-11-26 00:30:45  Google Chrome      C:\xampp\htdocs\aska\application\controllers\SignIn\index 
000000015  2024-11-26 00:30:54  Google Chrome      C:\xampp\htdocs\aska\application\controllers\SignIn\index 
000000016  2024-11-26 00:30:55  Google Chrome      C:\xampp\htdocs\aska\application\controllers\SignIn\index 
000000017  2024-11-26 00:30:55  Google Chrome      C:\xampp\htdocs\aska\application\controllers\SignIn\index 
000000018  2024-11-26 00:30:56  Google Chrome      C:\xampp\htdocs\aska\application\controllers\SignIn\index 
000000019  2024-11-26 00:30:56  Google Chrome      C:\xampp\htdocs\aska\application\controllers\SignIn\index 
000000020  2024-11-26 00:30:57  Google Chrome      C:\xampp\htdocs\aska\application\controllers\SignIn\index 
000000021  2024-11-26 00:30:57  Google Chrome      C:\xampp\htdocs\aska\application\controllers\SignIn\index 
000000022  2024-11-26 00:30:58  Google Chrome      C:\xampp\htdocs\aska\application\controllers\SignIn\index 
000000023  2024-11-26 00:30:58  Google Chrome      C:\xampp\htdocs\aska\application\controllers\SignIn\index 
000000024  2024-11-26 00:30:59  Google Chrome      C:\xampp\htdocs\aska\application\controllers\SignIn\index 
000000025  2024-11-26 00:30:59  Google Chrome      C:\xampp\htdocs\aska\application\controllers\SignIn\index 
000000026  2024-11-26 00:31:00  Google Chrome      C:\xampp\htdocs\aska\application\controllers\SignIn\index 
000000027  2024-11-26 00:31:00  Google Chrome      C:\xampp\htdocs\aska\application\controllers\SignIn\index 
000000028  2024-11-26 00:31:01  Google Chrome      C:\xampp\htdocs\aska\application\controllers\SignIn\index 
000000029  2024-11-26 00:31:01  Google Chrome      C:\xampp\htdocs\aska\application\controllers\SignIn\index 
000000030  2024-11-26 00:31:02  Google Chrome      C:\xampp\htdocs\aska\application\controllers\SignIn\index 
000000031  2024-11-26 00:31:02  Google Chrome      C:\xampp\htdocs\aska\application\controllers\SignIn\index 
000000032  2024-11-26 00:31:03  Google Chrome      C:\xampp\htdocs\aska\application\controllers\SignIn\index 
000000033  2024-11-26 00:31:03  Google Chrome      C:\xampp\htdocs\aska\application\controllers\SignIn\index 
000000034  2024-11-26 00:31:04  Google Chrome      C:\xampp\htdocs\aska\application\controllers\SignIn\index 
000000035  2024-11-26 00:31:04  Google Chrome      C:\xampp\htdocs\aska\application\controllers\SignIn\index 
000000036  2024-11-26 00:31:05  Google Chrome      C:\xampp\htdocs\aska\application\controllers\SignIn\index 
000000037  2024-11-26 00:31:05  Google Chrome      C:\xampp\htdocs\aska\application\controllers\SignIn\index 
000000038  2024-11-26 00:31:06  Google Chrome      C:\xampp\htdocs\aska\application\controllers\SignIn\index 
000000039  2024-11-26 00:31:06  Google Chrome      C:\xampp\htdocs\aska\application\controllers\SignIn\index 
000000040  2024-11-26 00:31:07  Google Chrome      C:\xampp\htdocs\aska\application\controllers\SignIn\index 
000000041  2024-11-26 00:31:07  Google Chrome      C:\xampp\htdocs\aska\application\controllers\SignIn\index 
000000042  2024-11-26 00:31:08  Google Chrome      C:\xampp\htdocs\aska\application\controllers\SignIn\index 
000000043  2024-11-26 00:31:08  Google Chrome      C:\xampp\htdocs\aska\application\controllers\SignIn\index 
000000044  2024-11-26 00:31:09  Google Chrome      C:\xampp\htdocs\aska\application\controllers\SignIn\index 
000000045  2024-11-26 00:31:09  Google Chrome      C:\xampp\htdocs\aska\application\controllers\SignIn\index 
000000046  2024-11-26 00:31:10  Google Chrome      C:\xampp\htdocs\aska\application\controllers\SignIn\index 
000000047  2024-11-26 00:31:10  Google Chrome      C:\xampp\htdocs\aska\application\controllers\SignIn\index 
000000048  2024-11-26 00:31:11  Google Chrome      C:\xampp\htdocs\aska\application\controllers\SignIn\index 
000000049  2024-11-26 00:31:11  Google Chrome      C:\xampp\htdocs\aska\application\controllers\SignIn\index 
000000050  2024-11-26 00:31:12  Google Chrome      C:\xampp\htdocs\aska\application\controllers\SignIn\index 
000000051  2024-11-26 00:31:12  Google Chrome      C:\xampp\htdocs\aska\application\controllers\SignIn\index 
000000052  2024-11-26 00:31:13  Google Chrome      C:\xampp\htdocs\aska\application\controllers\SignIn\index 
000000053  2024-11-26 00:31:13  Google Chrome      C:\xampp\htdocs\aska\application\controllers\SignIn\index 
000000054  2024-11-26 00:31:13  Google Chrome      C:\xampp\htdocs\aska\application\controllers\SignIn\index 
000000055  2024-11-26 00:31:14  Google Chrome      C:\xampp\htdocs\aska\application\controllers\SignIn\index 
000000056  2024-11-26 00:31:14  Google Chrome      C:\xampp\htdocs\aska\application\controllers\SignIn\index 
000000057  2024-11-26 00:31:15  Google Chrome      C:\xampp\htdocs\aska\application\controllers\SignIn\index 
000000058  2024-11-26 00:31:15  Google Chrome      C:\xampp\htdocs\aska\application\controllers\SignIn\index 
000000059  2024-11-26 00:31:16  Google Chrome      C:\xampp\htdocs\aska\application\controllers\SignIn\index 
000000060  2024-11-26 00:31:16  Google Chrome      C:\xampp\htdocs\aska\application\controllers\SignIn\index 
000000061  2024-11-26 00:31:17  Google Chrome      C:\xampp\htdocs\aska\application\controllers\SignIn\index 
000000062  2024-11-26 00:31:17  Google Chrome      C:\xampp\htdocs\aska\application\controllers\SignIn\index 
000000063  2024-11-26 00:31:18  Google Chrome      C:\xampp\htdocs\aska\application\controllers\SignIn\index 
000000064  2024-11-26 00:31:18  Google Chrome      C:\xampp\htdocs\aska\application\controllers\SignIn\index 
000000065  2024-11-26 00:31:18  Google Chrome      C:\xampp\htdocs\aska\application\controllers\SignIn\index 
000000066  2024-11-26 00:31:19  Google Chrome      C:\xampp\htdocs\aska\application\controllers\SignIn\index 
000000067  2024-11-26 00:31:19  Google Chrome      C:\xampp\htdocs\aska\application\controllers\SignIn\index 
000000068  2024-11-26 00:31:20  Google Chrome      C:\xampp\htdocs\aska\application\controllers\SignIn\index 
000000069  2024-11-26 00:31:20  Google Chrome      C:\xampp\htdocs\aska\application\controllers\SignIn\index 
000000070  2024-11-26 00:31:34  Google Chrome      C:\xampp\htdocs\aska\application\controllers\SignIn\index 
000000071  2024-11-26 00:31:34  Google Chrome      C:\xampp\htdocs\aska\application\controllers\SignIn\index 
000000072  2024-11-26 00:31:35  Google Chrome      C:\xampp\htdocs\aska\application\controllers\SignIn\index 
000000073  2024-11-26 00:31:35  Google Chrome      C:\xampp\htdocs\aska\application\controllers\SignIn\index 
000000074  2024-11-26 00:31:36  Google Chrome      C:\xampp\htdocs\aska\application\controllers\SignIn\index 
000000075  2024-11-26 00:31:36  Google Chrome      C:\xampp\htdocs\aska\application\controllers\SignIn\index 
000000076  2024-11-26 00:31:37  Google Chrome      C:\xampp\htdocs\aska\application\controllers\SignIn\index 
000000077  2024-11-26 00:31:38  Google Chrome      C:\xampp\htdocs\aska\application\controllers\SignIn\index 
000000078  2024-11-26 00:31:38  Google Chrome      C:\xampp\htdocs\aska\application\controllers\SignIn\index 
000000079  2024-11-26 00:31:39  Google Chrome      C:\xampp\htdocs\aska\application\controllers\SignIn\index 
000000080  2024-11-26 00:31:39  Google Chrome      C:\xampp\htdocs\aska\application\controllers\SignIn\index 
000000081  2024-11-26 00:31:40  Google Chrome      C:\xampp\htdocs\aska\application\controllers\SignIn\index 
000000082  2024-11-26 00:31:40  Google Chrome      C:\xampp\htdocs\aska\application\controllers\SignIn\index 
000000083  2024-11-26 00:31:41  Google Chrome      C:\xampp\htdocs\aska\application\controllers\SignIn\index 
000000084  2024-11-26 00:31:41  Google Chrome      C:\xampp\htdocs\aska\application\controllers\SignIn\index 
000000085  2024-11-26 00:31:42  Google Chrome      C:\xampp\htdocs\aska\application\controllers\SignIn\index 
000000086  2024-11-26 00:31:42  Google Chrome      C:\xampp\htdocs\aska\application\controllers\SignIn\index 
000000087  2024-11-26 00:31:43  Google Chrome      C:\xampp\htdocs\aska\application\controllers\SignIn\index 
000000088  2024-11-26 00:31:43  Google Chrome      C:\xampp\htdocs\aska\application\controllers\SignIn\index 
000000089  2024-11-26 00:31:44  Google Chrome      C:\xampp\htdocs\aska\application\controllers\SignIn\index 
000000090  2024-11-26 00:31:44  Google Chrome      C:\xampp\htdocs\aska\application\controllers\SignIn\index 
000000091  2024-11-26 00:31:45  Google Chrome      C:\xampp\htdocs\aska\application\controllers\SignIn\index 
000000092  2024-11-26 00:31:45  Google Chrome      C:\xampp\htdocs\aska\application\controllers\SignIn\index 
000000093  2024-11-26 00:31:46  Google Chrome      C:\xampp\htdocs\aska\application\controllers\SignIn\index 
000000094  2024-11-26 00:31:46  Google Chrome      C:\xampp\htdocs\aska\application\controllers\SignIn\index 
000000095  2024-11-26 00:31:47  Google Chrome      C:\xampp\htdocs\aska\application\controllers\SignIn\index 
000000096  2024-11-26 00:31:47  Google Chrome      C:\xampp\htdocs\aska\application\controllers\SignIn\index 
000000097  2024-11-26 00:31:48  Google Chrome      C:\xampp\htdocs\aska\application\controllers\SignIn\index 
000000098  2024-11-26 00:31:48  Google Chrome      C:\xampp\htdocs\aska\application\controllers\SignIn\index 
000000099  2024-11-26 00:31:48  Google Chrome      C:\xampp\htdocs\aska\application\controllers\SignIn\index 
000000100  2024-11-26 00:31:49  Google Chrome      C:\xampp\htdocs\aska\application\controllers\SignIn\index 
000000101  2024-11-26 00:31:49  Google Chrome      C:\xampp\htdocs\aska\application\controllers\SignIn\index 
000000102  2024-11-26 00:31:50  Google Chrome      C:\xampp\htdocs\aska\application\controllers\SignIn\index 
000000103  2024-11-26 00:31:50  Google Chrome      C:\xampp\htdocs\aska\application\controllers\SignIn\index 
000000104  2024-11-26 00:31:51  Google Chrome      C:\xampp\htdocs\aska\application\controllers\SignIn\index 
000000105  2024-11-26 00:31:51  Google Chrome      C:\xampp\htdocs\aska\application\controllers\SignIn\index 
000000106  2024-11-26 00:31:52  Google Chrome      C:\xampp\htdocs\aska\application\controllers\SignIn\index 
000000107  2024-11-26 00:31:52  Google Chrome      C:\xampp\htdocs\aska\application\controllers\SignIn\index 
000000108  2024-11-26 00:31:53  Google Chrome      C:\xampp\htdocs\aska\application\controllers\SignIn\index 
000000109  2024-11-26 00:31:54  Google Chrome      C:\xampp\htdocs\aska\application\controllers\SignIn\index 
000000110  2024-11-26 00:31:54  Google Chrome      C:\xampp\htdocs\aska\application\controllers\SignIn\index 
000000111  2024-11-26 00:31:55  Google Chrome      C:\xampp\htdocs\aska\application\controllers\SignIn\index 
000000112  2024-11-26 00:31:55  Google Chrome      C:\xampp\htdocs\aska\application\controllers\SignIn\index 
000000113  2024-11-26 00:31:56  Google Chrome      C:\xampp\htdocs\aska\application\controllers\SignIn\index 
000000114  2024-11-26 00:31:56  Google Chrome      C:\xampp\htdocs\aska\application\controllers\SignIn\index 
000000115  2024-11-26 00:31:57  Google Chrome      C:\xampp\htdocs\aska\application\controllers\SignIn\index 
000000116  2024-11-26 00:31:57  Google Chrome      C:\xampp\htdocs\aska\application\controllers\SignIn\index 
000000117  2024-11-26 00:31:58  Google Chrome      C:\xampp\htdocs\aska\application\controllers\SignIn\index 
000000118  2024-11-26 00:31:58  Google Chrome      C:\xampp\htdocs\aska\application\controllers\SignIn\index 
000000119  2024-11-26 00:31:59  Google Chrome      C:\xampp\htdocs\aska\application\controllers\SignIn\index 
000000120  2024-11-26 00:31:59  Google Chrome      C:\xampp\htdocs\aska\application\controllers\SignIn\index 
000000121  2024-11-26 00:32:00  Google Chrome      C:\xampp\htdocs\aska\application\controllers\SignIn\index 
000000122  2024-11-26 00:32:01  Google Chrome      C:\xampp\htdocs\aska\application\controllers\SignIn\index 
000000123  2024-11-26 00:32:01  Google Chrome      C:\xampp\htdocs\aska\application\controllers\SignIn\index 
000000124  2024-11-26 00:32:02  Google Chrome      C:\xampp\htdocs\aska\application\controllers\SignIn\index 
000000125  2024-11-26 00:32:02  Google Chrome      C:\xampp\htdocs\aska\application\controllers\SignIn\index 
000000126  2024-11-26 00:32:03  Google Chrome      C:\xampp\htdocs\aska\application\controllers\SignIn\index 
000000127  2024-11-26 00:32:03  Google Chrome      C:\xampp\htdocs\aska\application\controllers\SignIn\index 
000000128  2024-11-26 00:32:04  Google Chrome      C:\xampp\htdocs\aska\application\controllers\SignIn\index 
000000129  2024-11-26 00:32:04  Google Chrome      C:\xampp\htdocs\aska\application\controllers\SignIn\index 
000000130  2024-11-26 00:32:05  Google Chrome      C:\xampp\htdocs\aska\application\controllers\SignIn\index 
000000131  2024-11-26 00:32:05  Google Chrome      C:\xampp\htdocs\aska\application\controllers\SignIn\index 
000000132  2024-11-26 00:32:06  Google Chrome      C:\xampp\htdocs\aska\application\controllers\SignIn\index 
000000133  2024-11-26 00:32:07  Google Chrome      C:\xampp\htdocs\aska\application\controllers\SignIn\index 
000000134  2024-11-26 00:32:07  Google Chrome      C:\xampp\htdocs\aska\application\controllers\SignIn\index 
000000135  2024-11-26 00:32:08  Google Chrome      C:\xampp\htdocs\aska\application\controllers\SignIn\index 
000000136  2024-11-26 00:32:08  Google Chrome      C:\xampp\htdocs\aska\application\controllers\SignIn\index 
000000137  2024-11-26 00:32:09  Google Chrome      C:\xampp\htdocs\aska\application\controllers\SignIn\index 
000000138  2024-11-26 00:32:09  Google Chrome      C:\xampp\htdocs\aska\application\controllers\SignIn\index 
000000139  2024-11-26 00:32:09  Google Chrome      C:\xampp\htdocs\aska\application\controllers\SignIn\index 
000000140  2024-11-26 00:32:10  Google Chrome      C:\xampp\htdocs\aska\application\controllers\SignIn\index 
000000141  2024-11-26 00:32:10  Google Chrome      C:\xampp\htdocs\aska\application\controllers\SignIn\index 
000000142  2024-11-26 00:32:11  Google Chrome      C:\xampp\htdocs\aska\application\controllers\SignIn\index 
000000143  2024-11-26 00:32:11  Google Chrome      C:\xampp\htdocs\aska\application\controllers\SignIn\index 
000000144  2024-11-26 00:32:12  Google Chrome      C:\xampp\htdocs\aska\application\controllers\SignIn\index 
000000145  2024-11-26 00:32:12  Google Chrome      C:\xampp\htdocs\aska\application\controllers\SignIn\index 
000000146  2024-11-26 00:32:13  Google Chrome      C:\xampp\htdocs\aska\application\controllers\SignIn\index 
000000147  2024-11-26 00:32:45  Google Chrome      C:\xampp\htdocs\aska\application\controllers\SignIn\index 
000000148  2024-11-26 00:33:17  Google Chrome      C:\xampp\htdocs\aska\application\controllers\SignIn\index 
000000149  2024-11-26 00:33:17  Google Chrome      C:\xampp\htdocs\aska\application\controllers\SignIn\index 
000000150  2024-11-26 00:33:18  Google Chrome      C:\xampp\htdocs\aska\application\controllers\SignIn\index 
000000151  2024-11-26 00:33:18  Google Chrome      C:\xampp\htdocs\aska\application\controllers\SignIn\index 
000000152  2024-11-26 00:33:19  Google Chrome      C:\xampp\htdocs\aska\application\controllers\SignIn\index 
000000153  2024-11-26 00:33:19  Google Chrome      C:\xampp\htdocs\aska\application\controllers\SignIn\index 
000000154  2024-11-26 00:33:20  Google Chrome      C:\xampp\htdocs\aska\application\controllers\SignIn\index 
000000155  2024-11-26 00:33:21  Google Chrome      C:\xampp\htdocs\aska\application\controllers\SignIn\index 
000000156  2024-11-26 00:33:21  Google Chrome      C:\xampp\htdocs\aska\application\controllers\SignIn\index 
000000157  2024-11-26 00:33:22  Google Chrome      C:\xampp\htdocs\aska\application\controllers\SignIn\index 
000000158  2024-11-26 00:33:22  Google Chrome      C:\xampp\htdocs\aska\application\controllers\SignIn\index 
000000159  2024-11-26 00:33:23  Google Chrome      C:\xampp\htdocs\aska\application\controllers\SignIn\index 
000000160  2024-11-26 00:33:23  Google Chrome      C:\xampp\htdocs\aska\application\controllers\SignIn\index 
000000161  2024-11-26 00:33:24  Google Chrome      C:\xampp\htdocs\aska\application\controllers\SignIn\index 
000000162  2024-11-26 00:33:24  Google Chrome      C:\xampp\htdocs\aska\application\controllers\SignIn\index 
000000163  2024-11-26 00:33:25  Google Chrome      C:\xampp\htdocs\aska\application\controllers\SignIn\index 
000000164  2024-11-26 00:33:26  Google Chrome      C:\xampp\htdocs\aska\application\controllers\SignIn\index 
000000165  2024-11-26 00:33:26  Google Chrome      C:\xampp\htdocs\aska\application\controllers\SignIn\index 
000000166  2024-11-26 00:33:27  Google Chrome      C:\xampp\htdocs\aska\application\controllers\SignIn\index 
000000167  2024-11-26 00:33:27  Google Chrome      C:\xampp\htdocs\aska\application\controllers\SignIn\index 
000000168  2024-11-26 00:33:28  Google Chrome      C:\xampp\htdocs\aska\application\controllers\SignIn\index 
000000169  2024-11-26 00:33:28  Google Chrome      C:\xampp\htdocs\aska\application\controllers\SignIn\index 
000000170  2024-11-26 00:33:29  Google Chrome      C:\xampp\htdocs\aska\application\controllers\SignIn\index 
000000171  2024-11-26 00:33:29  Google Chrome      C:\xampp\htdocs\aska\application\controllers\SignIn\index 
000000172  2024-11-26 00:33:30  Google Chrome      C:\xampp\htdocs\aska\application\controllers\SignIn\index 
000000173  2024-11-26 00:33:30  Google Chrome      C:\xampp\htdocs\aska\application\controllers\SignIn\index 
000000174  2024-11-26 00:33:31  Google Chrome      C:\xampp\htdocs\aska\application\controllers\SignIn\index 
000000175  2024-11-26 00:33:32  Google Chrome      C:\xampp\htdocs\aska\application\controllers\SignIn\index 
000000176  2024-11-26 00:33:32  Google Chrome      C:\xampp\htdocs\aska\application\controllers\SignIn\index 
000000177  2024-11-26 00:33:33  Google Chrome      C:\xampp\htdocs\aska\application\controllers\SignIn\index 
000000178  2024-11-26 00:33:33  Google Chrome      C:\xampp\htdocs\aska\application\controllers\SignIn\index 
000000179  2024-11-26 00:33:34  Google Chrome      C:\xampp\htdocs\aska\application\controllers\SignIn\index 
000000180  2024-11-26 00:33:34  Google Chrome      C:\xampp\htdocs\aska\application\controllers\SignIn\index 
000000181  2024-11-26 00:33:35  Google Chrome      C:\xampp\htdocs\aska\application\controllers\SignIn\index 
000000182  2024-11-26 00:33:35  Google Chrome      C:\xampp\htdocs\aska\application\controllers\SignIn\index 
000000183  2024-11-26 00:33:36  Google Chrome      C:\xampp\htdocs\aska\application\controllers\SignIn\index 
000000184  2024-11-26 00:33:36  Google Chrome      C:\xampp\htdocs\aska\application\controllers\SignIn\index 
000000185  2024-11-26 00:33:37  Google Chrome      C:\xampp\htdocs\aska\application\controllers\SignIn\index 
000000186  2024-11-26 00:33:37  Google Chrome      C:\xampp\htdocs\aska\application\controllers\SignIn\index 
000000187  2024-11-26 00:33:38  Google Chrome      C:\xampp\htdocs\aska\application\controllers\SignIn\index 
000000188  2024-11-26 00:33:38  Google Chrome      C:\xampp\htdocs\aska\application\controllers\SignIn\index 
000000189  2024-11-26 00:33:39  Google Chrome      C:\xampp\htdocs\aska\application\controllers\SignIn\index 
000000190  2024-11-26 00:33:39  Google Chrome      C:\xampp\htdocs\aska\application\controllers\SignIn\index 
000000191  2024-11-26 00:33:40  Google Chrome      C:\xampp\htdocs\aska\application\controllers\SignIn\index 
000000192  2024-11-26 00:33:40  Google Chrome      C:\xampp\htdocs\aska\application\controllers\SignIn\index 
000000193  2024-11-26 00:33:41  Google Chrome      C:\xampp\htdocs\aska\application\controllers\SignIn\index 
000000194  2024-11-26 00:33:41  Google Chrome      C:\xampp\htdocs\aska\application\controllers\SignIn\index 
000000195  2024-11-26 00:33:42  Google Chrome      C:\xampp\htdocs\aska\application\controllers\SignIn\index 
000000196  2024-11-26 00:33:43  Google Chrome      C:\xampp\htdocs\aska\application\controllers\SignIn\index 
000000197  2024-11-26 00:33:43  Google Chrome      C:\xampp\htdocs\aska\application\controllers\SignIn\index 
000000198  2024-11-26 00:33:44  Google Chrome      C:\xampp\htdocs\aska\application\controllers\SignIn\index 
000000199  2024-11-26 00:33:44  Google Chrome      C:\xampp\htdocs\aska\application\controllers\SignIn\index 
000000200  2024-11-26 00:33:45  Google Chrome      C:\xampp\htdocs\aska\application\controllers\SignIn\index 
000000201  2024-11-26 00:33:45  Google Chrome      C:\xampp\htdocs\aska\application\controllers\SignIn\index 
000000202  2024-11-26 00:33:45  Google Chrome      C:\xampp\htdocs\aska\application\controllers\SignIn\index 
000000203  2024-11-26 00:33:46  Google Chrome      C:\xampp\htdocs\aska\application\controllers\SignIn\index 
000000204  2024-11-26 00:33:46  Google Chrome      C:\xampp\htdocs\aska\application\controllers\SignIn\index 
000000205  2024-11-26 00:33:47  Google Chrome      C:\xampp\htdocs\aska\application\controllers\SignIn\index 
000000206  2024-11-26 00:33:58  Google Chrome      C:\xampp\htdocs\aska\application\controllers\SignIn\index 
000000207  2024-11-26 00:34:10  Google Chrome      C:\xampp\htdocs\aska\application\controllers\SignIn\index 
000000208  2024-11-26 00:34:11  Google Chrome      C:\xampp\htdocs\aska\application\controllers\SignIn\index 
000000209  2024-11-26 00:34:11  Google Chrome      C:\xampp\htdocs\aska\application\controllers\SignIn\index 
000000210  2024-11-26 00:34:12  Google Chrome      C:\xampp\htdocs\aska\application\controllers\SignIn\index 
000000211  2024-11-26 00:34:13  Google Chrome      C:\xampp\htdocs\aska\application\controllers\SignIn\index 
000000212  2024-11-26 00:34:13  Google Chrome      C:\xampp\htdocs\aska\application\controllers\SignIn\index 
000000213  2024-11-26 00:34:14  Google Chrome      C:\xampp\htdocs\aska\application\controllers\SignIn\index 
000000214  2024-11-26 00:34:14  Google Chrome      C:\xampp\htdocs\aska\application\controllers\SignIn\index 
000000215  2024-11-26 00:34:15  Google Chrome      C:\xampp\htdocs\aska\application\controllers\SignIn\index 
000000216  2024-11-26 00:34:15  Google Chrome      C:\xampp\htdocs\aska\application\controllers\SignIn\index 
000000217  2024-11-26 00:34:16  Google Chrome      C:\xampp\htdocs\aska\application\controllers\SignIn\index 
000000218  2024-11-26 00:34:16  Google Chrome      C:\xampp\htdocs\aska\application\controllers\SignIn\index 
000000219  2024-11-26 00:34:17  Google Chrome      C:\xampp\htdocs\aska\application\controllers\SignIn\index 
000000220  2024-11-26 00:34:18  Google Chrome      C:\xampp\htdocs\aska\application\controllers\SignIn\index 
000000221  2024-11-26 00:34:18  Google Chrome      C:\xampp\htdocs\aska\application\controllers\SignIn\index 
000000222  2024-11-26 00:34:19  Google Chrome      C:\xampp\htdocs\aska\application\controllers\SignIn\index 
000000223  2024-11-26 00:34:19  Google Chrome      C:\xampp\htdocs\aska\application\controllers\SignIn\index 
000000224  2024-11-26 00:34:20  Google Chrome      C:\xampp\htdocs\aska\application\controllers\SignIn\index 
000000225  2024-11-26 00:34:20  Google Chrome      C:\xampp\htdocs\aska\application\controllers\SignIn\index 
000000226  2024-11-26 00:34:21  Google Chrome      C:\xampp\htdocs\aska\application\controllers\SignIn\index 
000000227  2024-11-26 00:34:22  Google Chrome      C:\xampp\htdocs\aska\application\controllers\SignIn\index 
000000228  2024-11-26 00:34:22  Google Chrome      C:\xampp\htdocs\aska\application\controllers\SignIn\index 
000000229  2024-11-26 00:34:23  Google Chrome      C:\xampp\htdocs\aska\application\controllers\SignIn\index 
000000230  2024-11-26 00:34:23  Google Chrome      C:\xampp\htdocs\aska\application\controllers\SignIn\index 
000000231  2024-11-26 00:34:24  Google Chrome      C:\xampp\htdocs\aska\application\controllers\SignIn\index 
000000232  2024-11-26 00:34:24  Google Chrome      C:\xampp\htdocs\aska\application\controllers\SignIn\index 
000000233  2024-11-26 00:34:25  Google Chrome      C:\xampp\htdocs\aska\application\controllers\SignIn\index 
000000234  2024-11-26 00:34:26  Google Chrome      C:\xampp\htdocs\aska\application\controllers\SignIn\index 
000000235  2024-11-26 00:34:26  Google Chrome      C:\xampp\htdocs\aska\application\controllers\SignIn\index 
000000236  2024-11-26 00:34:27  Google Chrome      C:\xampp\htdocs\aska\application\controllers\SignIn\index 
000000237  2024-11-26 00:34:27  Google Chrome      C:\xampp\htdocs\aska\application\controllers\SignIn\index 
000000238  2024-11-26 00:34:28  Google Chrome      C:\xampp\htdocs\aska\application\controllers\SignIn\index 
000000239  2024-11-26 00:34:28  Google Chrome      C:\xampp\htdocs\aska\application\controllers\SignIn\index 
000000240  2024-11-26 00:34:29  Google Chrome      C:\xampp\htdocs\aska\application\controllers\SignIn\index 
000000241  2024-11-26 00:34:29  Google Chrome      C:\xampp\htdocs\aska\application\controllers\SignIn\index 
000000242  2024-11-26 00:34:30  Google Chrome      C:\xampp\htdocs\aska\application\controllers\SignIn\index 
000000243  2024-11-26 00:34:30  Google Chrome      C:\xampp\htdocs\aska\application\controllers\SignIn\index 
000000244  2024-11-26 00:34:31  Google Chrome      C:\xampp\htdocs\aska\application\controllers\SignIn\index 
000000245  2024-11-26 00:34:32  Google Chrome      C:\xampp\htdocs\aska\application\controllers\SignIn\index 
000000246  2024-11-26 00:34:32  Google Chrome      C:\xampp\htdocs\aska\application\controllers\SignIn\index 
000000247  2024-11-26 00:34:33  Google Chrome      C:\xampp\htdocs\aska\application\controllers\SignIn\index 
000000248  2024-11-26 00:34:33  Google Chrome      C:\xampp\htdocs\aska\application\controllers\SignIn\index 
000000249  2024-11-26 00:34:57  Google Chrome      C:\xampp\htdocs\aska\application\controllers\SignIn\index 
000000250  2024-11-26 00:34:58  Google Chrome      C:\xampp\htdocs\aska\application\controllers\SignIn\index 
000000251  2024-11-26 00:34:58  Google Chrome      C:\xampp\htdocs\aska\application\controllers\SignIn\index 
000000252  2024-11-26 00:34:59  Google Chrome      C:\xampp\htdocs\aska\application\controllers\SignIn\index 
000000253  2024-11-26 00:34:59  Google Chrome      C:\xampp\htdocs\aska\application\controllers\SignIn\index 
000000254  2024-11-26 00:35:00  Google Chrome      C:\xampp\htdocs\aska\application\controllers\SignIn\index 
000000255  2024-11-26 00:35:00  Google Chrome      C:\xampp\htdocs\aska\application\controllers\SignIn\index 
000000256  2024-11-26 00:35:01  Google Chrome      C:\xampp\htdocs\aska\application\controllers\SignIn\index 
000000257  2024-11-26 00:35:02  Google Chrome      C:\xampp\htdocs\aska\application\controllers\SignIn\index 
000000258  2024-11-26 00:35:02  Google Chrome      C:\xampp\htdocs\aska\application\controllers\SignIn\index 
000000259  2024-11-26 00:35:03  Google Chrome      C:\xampp\htdocs\aska\application\controllers\SignIn\index 
000000260  2024-11-26 00:35:03  Google Chrome      C:\xampp\htdocs\aska\application\controllers\SignIn\index 
000000261  2024-11-26 00:35:04  Google Chrome      C:\xampp\htdocs\aska\application\controllers\SignIn\index 
000000262  2024-11-26 00:35:04  Google Chrome      C:\xampp\htdocs\aska\application\controllers\SignIn\index 
000000263  2024-11-26 00:35:05  Google Chrome      C:\xampp\htdocs\aska\application\controllers\SignIn\index 
000000264  2024-11-26 00:35:06  Google Chrome      C:\xampp\htdocs\aska\application\controllers\SignIn\index 
000000265  2024-11-26 00:35:06  Google Chrome      C:\xampp\htdocs\aska\application\controllers\SignIn\index 
000000266  2024-11-26 00:35:07  Google Chrome      C:\xampp\htdocs\aska\application\controllers\SignIn\index 
000000267  2024-11-26 00:35:07  Google Chrome      C:\xampp\htdocs\aska\application\controllers\SignIn\index 
000000268  2024-11-26 00:35:08  Google Chrome      C:\xampp\htdocs\aska\application\controllers\SignIn\index 
000000269  2024-11-26 00:35:08  Google Chrome      C:\xampp\htdocs\aska\application\controllers\SignIn\index 
000000270  2024-11-26 00:35:09  Google Chrome      C:\xampp\htdocs\aska\application\controllers\SignIn\index 
000000271  2024-11-26 00:35:10  Google Chrome      C:\xampp\htdocs\aska\application\controllers\SignIn\index 
000000272  2024-11-26 00:35:10  Google Chrome      C:\xampp\htdocs\aska\application\controllers\SignIn\index 
000000273  2024-11-26 00:35:11  Google Chrome      C:\xampp\htdocs\aska\application\controllers\SignIn\index 
000000274  2024-11-26 00:35:11  Google Chrome      C:\xampp\htdocs\aska\application\controllers\SignIn\index 
000000275  2024-11-26 00:35:12  Google Chrome      C:\xampp\htdocs\aska\application\controllers\SignIn\index 
000000276  2024-11-26 00:35:12  Google Chrome      C:\xampp\htdocs\aska\application\controllers\SignIn\index 
000000277  2024-11-26 00:35:13  Google Chrome      C:\xampp\htdocs\aska\application\controllers\SignIn\index 
000000278  2024-11-26 00:35:13  Google Chrome      C:\xampp\htdocs\aska\application\controllers\SignIn\index 
000000279  2024-11-26 00:35:14  Google Chrome      C:\xampp\htdocs\aska\application\controllers\SignIn\index 
000000280  2024-11-26 00:35:15  Google Chrome      C:\xampp\htdocs\aska\application\controllers\SignIn\index 
000000281  2024-11-26 00:35:15  Google Chrome      C:\xampp\htdocs\aska\application\controllers\SignIn\index 
000000282  2024-11-26 00:35:16  Google Chrome      C:\xampp\htdocs\aska\application\controllers\SignIn\index 
000000283  2024-11-26 00:35:16  Google Chrome      C:\xampp\htdocs\aska\application\controllers\SignIn\index 
000000284  2024-11-26 00:35:17  Google Chrome      C:\xampp\htdocs\aska\application\controllers\SignIn\index 
000000285  2024-11-26 00:35:17  Google Chrome      C:\xampp\htdocs\aska\application\controllers\SignIn\index 
000000286  2024-11-26 00:35:18  Google Chrome      C:\xampp\htdocs\aska\application\controllers\SignIn\index 
000000287  2024-11-26 00:35:18  Google Chrome      C:\xampp\htdocs\aska\application\controllers\SignIn\index 
000000288  2024-11-26 00:35:19  Google Chrome      C:\xampp\htdocs\aska\application\controllers\SignIn\index 
000000289  2024-11-26 00:35:20  Google Chrome      C:\xampp\htdocs\aska\application\controllers\SignIn\index 
000000290  2024-11-26 00:35:20  Google Chrome      C:\xampp\htdocs\aska\application\controllers\SignIn\index 
000000291  2024-11-26 00:35:21  Google Chrome      C:\xampp\htdocs\aska\application\controllers\SignIn\index 
000000292  2024-11-26 00:35:21  Google Chrome      C:\xampp\htdocs\aska\application\controllers\SignIn\index 
000000293  2024-11-26 00:35:22  Google Chrome      C:\xampp\htdocs\aska\application\controllers\SignIn\index 
000000294  2024-11-26 00:35:22  Google Chrome      C:\xampp\htdocs\aska\application\controllers\SignIn\index 
000000295  2024-11-26 00:35:23  Google Chrome      C:\xampp\htdocs\aska\application\controllers\SignIn\index 
000000296  2024-11-26 00:35:23  Google Chrome      C:\xampp\htdocs\aska\application\controllers\SignIn\index 
000000297  2024-11-26 00:35:24  Google Chrome      C:\xampp\htdocs\aska\application\controllers\SignIn\index 
000000298  2024-11-26 00:35:24  Google Chrome      C:\xampp\htdocs\aska\application\controllers\SignIn\index 
000000299  2024-11-26 00:35:25  Google Chrome      C:\xampp\htdocs\aska\application\controllers\SignIn\index 
000000300  2024-11-26 00:35:25  Google Chrome      C:\xampp\htdocs\aska\application\controllers\SignIn\index 
000000301  2024-11-26 00:35:26  Google Chrome      C:\xampp\htdocs\aska\application\controllers\SignIn\index 
000000302  2024-11-26 00:35:26  Google Chrome      C:\xampp\htdocs\aska\application\controllers\SignIn\index 
000000303  2024-11-26 00:35:27  Google Chrome      C:\xampp\htdocs\aska\application\controllers\SignIn\index 
000000304  2024-11-26 00:35:27  Google Chrome      C:\xampp\htdocs\aska\application\controllers\SignIn\index 
000000305  2024-11-26 00:35:28  Google Chrome      C:\xampp\htdocs\aska\application\controllers\SignIn\index 
000000306  2024-11-26 00:35:28  Google Chrome      C:\xampp\htdocs\aska\application\controllers\SignIn\index 
000000307  2024-11-26 00:35:29  Google Chrome      C:\xampp\htdocs\aska\application\controllers\SignIn\index 
000000308  2024-11-26 00:35:29  Google Chrome      C:\xampp\htdocs\aska\application\controllers\SignIn\index 
000000309  2024-11-26 00:35:30  Google Chrome      C:\xampp\htdocs\aska\application\controllers\SignIn\index 
000000310  2024-11-26 00:35:30  Google Chrome      C:\xampp\htdocs\aska\application\controllers\SignIn\index 
000000311  2024-11-26 00:35:31  Google Chrome      C:\xampp\htdocs\aska\application\controllers\SignIn\index 
000000312  2024-11-26 00:35:31  Google Chrome      C:\xampp\htdocs\aska\application\controllers\SignIn\index 
000000313  2024-11-26 00:35:32  Google Chrome      C:\xampp\htdocs\aska\application\controllers\SignIn\index 
000000314  2024-11-26 00:35:33  Google Chrome      C:\xampp\htdocs\aska\application\controllers\SignIn\index 
000000315  2024-11-26 00:35:33  Google Chrome      C:\xampp\htdocs\aska\application\controllers\SignIn\index 
000000316  2024-11-26 00:35:34  Google Chrome      C:\xampp\htdocs\aska\application\controllers\SignIn\index 
000000317  2024-11-26 00:35:34  Google Chrome      C:\xampp\htdocs\aska\application\controllers\SignIn\index 
000000318  2024-11-26 00:35:35  Google Chrome      C:\xampp\htdocs\aska\application\controllers\SignIn\index 
000000319  2024-11-26 00:35:35  Google Chrome      C:\xampp\htdocs\aska\application\controllers\SignIn\index 
000000320  2024-11-26 00:35:35  Google Chrome      C:\xampp\htdocs\aska\application\controllers\SignIn\index 
000000321  2024-11-26 00:35:36  Google Chrome      C:\xampp\htdocs\aska\application\controllers\SignIn\index 
000000322  2024-11-26 00:35:36  Google Chrome      C:\xampp\htdocs\aska\application\controllers\SignIn\index 
000000323  2024-11-26 00:35:37  Google Chrome      C:\xampp\htdocs\aska\application\controllers\SignIn\index 
000000324  2024-11-26 00:35:37  Google Chrome      C:\xampp\htdocs\aska\application\controllers\SignIn\index 
000000325  2024-11-26 00:35:38  Google Chrome      C:\xampp\htdocs\aska\application\controllers\SignIn\index 
000000326  2024-11-26 00:35:38  Google Chrome      C:\xampp\htdocs\aska\application\controllers\SignIn\index 
000000327  2024-11-26 00:35:39  Google Chrome      C:\xampp\htdocs\aska\application\controllers\SignIn\index 
000000328  2024-11-26 00:35:39  Google Chrome      C:\xampp\htdocs\aska\application\controllers\SignIn\index 
000000329  2024-11-26 00:35:40  Google Chrome      C:\xampp\htdocs\aska\application\controllers\SignIn\index 
000000330  2024-11-26 00:35:41  Google Chrome      C:\xampp\htdocs\aska\application\controllers\SignIn\index 
000000331  2024-11-26 00:35:41  Google Chrome      C:\xampp\htdocs\aska\application\controllers\SignIn\index 
000000332  2024-11-26 00:35:42  Google Chrome      C:\xampp\htdocs\aska\application\controllers\SignIn\index 
000000333  2024-11-26 00:35:42  Google Chrome      C:\xampp\htdocs\aska\application\controllers\SignIn\index 
000000334  2024-11-26 00:35:43  Google Chrome      C:\xampp\htdocs\aska\application\controllers\SignIn\index 
000000335  2024-11-26 00:35:43  Google Chrome      C:\xampp\htdocs\aska\application\controllers\SignIn\index 
000000336  2024-11-26 00:35:44  Google Chrome      C:\xampp\htdocs\aska\application\controllers\SignIn\index 
000000337  2024-11-26 00:35:44  Google Chrome      C:\xampp\htdocs\aska\application\controllers\SignIn\index 
000000338  2024-11-26 00:35:45  Google Chrome      C:\xampp\htdocs\aska\application\controllers\SignIn\index 
000000339  2024-11-26 00:35:45  Google Chrome      C:\xampp\htdocs\aska\application\controllers\SignIn\index 
000000340  2024-11-26 00:35:46  Google Chrome      C:\xampp\htdocs\aska\application\controllers\SignIn\index 
000000341  2024-11-26 00:35:46  Google Chrome      C:\xampp\htdocs\aska\application\controllers\SignIn\index 
000000342  2024-11-26 00:35:47  Google Chrome      C:\xampp\htdocs\aska\application\controllers\SignIn\index 
000000343  2024-11-26 00:35:48  Google Chrome      C:\xampp\htdocs\aska\application\controllers\SignIn\index 
000000344  2024-11-26 00:35:48  Google Chrome      C:\xampp\htdocs\aska\application\controllers\SignIn\index 
000000345  2024-11-26 00:35:49  Google Chrome      C:\xampp\htdocs\aska\application\controllers\SignIn\index 
000000346  2024-11-26 00:35:49  Google Chrome      C:\xampp\htdocs\aska\application\controllers\SignIn\index 
000000347  2024-11-26 00:35:50  Google Chrome      C:\xampp\htdocs\aska\application\controllers\SignIn\index 
000000348  2024-11-26 00:35:50  Google Chrome      C:\xampp\htdocs\aska\application\controllers\SignIn\index 
000000349  2024-11-26 00:35:51  Google Chrome      C:\xampp\htdocs\aska\application\controllers\SignIn\index 
000000350  2024-11-26 00:35:51  Google Chrome      C:\xampp\htdocs\aska\application\controllers\SignIn\index 
000000351  2024-11-26 00:35:52  Google Chrome      C:\xampp\htdocs\aska\application\controllers\SignIn\index 
000000352  2024-11-26 00:35:52  Google Chrome      C:\xampp\htdocs\aska\application\controllers\SignIn\index 
000000353  2024-11-26 00:35:53  Google Chrome      C:\xampp\htdocs\aska\application\controllers\SignIn\index 
000000354  2024-11-26 00:35:54  Google Chrome      C:\xampp\htdocs\aska\application\controllers\SignIn\index 
000000355  2024-11-26 00:35:54  Google Chrome      C:\xampp\htdocs\aska\application\controllers\SignIn\index 
000000356  2024-11-26 00:35:55  Google Chrome      C:\xampp\htdocs\aska\application\controllers\SignIn\index 
000000357  2024-11-26 00:35:55  Google Chrome      C:\xampp\htdocs\aska\application\controllers\SignIn\index 
000000358  2024-11-26 00:35:56  Google Chrome      C:\xampp\htdocs\aska\application\controllers\SignIn\index 
000000359  2024-11-26 00:35:57  Google Chrome      C:\xampp\htdocs\aska\application\controllers\SignIn\index 
000000360  2024-11-26 00:35:57  Google Chrome      C:\xampp\htdocs\aska\application\controllers\SignIn\index 
000000361  2024-11-26 00:35:58  Google Chrome      C:\xampp\htdocs\aska\application\controllers\SignIn\index 
000000362  2024-11-26 00:37:53  Google Chrome      C:\xampp\htdocs\aska\application\controllers\SignIn\index 
000000363  2024-11-26 00:38:16  Google Chrome      C:\xampp\htdocs\aska\application\controllers\SignIn\index 
000000364  2024-11-26 00:38:21  Google Chrome      C:\xampp\htdocs\aska\application\controllers\SignIn\index 
000000365  2024-11-26 00:38:22  Google Chrome      C:\xampp\htdocs\aska\application\controllers\SignIn\index 
000000366  2024-11-26 00:38:23  Google Chrome      C:\xampp\htdocs\aska\application\controllers\SignIn\index 
000000367  2024-11-26 00:38:23  Google Chrome      C:\xampp\htdocs\aska\application\controllers\SignIn\index 
000000368  2024-11-26 00:38:23  Google Chrome      C:\xampp\htdocs\aska\application\controllers\SignIn\index 
000000369  2024-11-26 00:38:24  Google Chrome      C:\xampp\htdocs\aska\application\controllers\SignIn\index 
000000370  2024-11-26 00:38:24  Google Chrome      C:\xampp\htdocs\aska\application\controllers\SignIn\index 
000000371  2024-11-26 00:38:25  Google Chrome      C:\xampp\htdocs\aska\application\controllers\SignIn\index 
000000372  2024-11-26 00:38:25  Google Chrome      C:\xampp\htdocs\aska\application\controllers\SignIn\index 
000000373  2024-11-26 00:38:26  Google Chrome      C:\xampp\htdocs\aska\application\controllers\SignIn\index 
000000374  2024-11-26 00:38:27  Google Chrome      C:\xampp\htdocs\aska\application\controllers\SignIn\index 
000000375  2024-11-26 00:38:27  Google Chrome      C:\xampp\htdocs\aska\application\controllers\SignIn\index 
000000376  2024-11-26 00:38:27  Google Chrome      C:\xampp\htdocs\aska\application\controllers\SignIn\index 
000000377  2024-11-26 00:38:28  Google Chrome      C:\xampp\htdocs\aska\application\controllers\SignIn\index 
000000378  2024-11-26 00:38:28  Google Chrome      C:\xampp\htdocs\aska\application\controllers\SignIn\index 
000000379  2024-11-26 00:38:29  Google Chrome      C:\xampp\htdocs\aska\application\controllers\SignIn\index 
000000380  2024-11-26 00:38:29  Google Chrome      C:\xampp\htdocs\aska\application\controllers\SignIn\index 
000000381  2024-11-26 00:38:29  Google Chrome      C:\xampp\htdocs\aska\application\controllers\SignIn\index 
000000382  2024-11-26 00:38:30  Google Chrome      C:\xampp\htdocs\aska\application\controllers\SignIn\index 
000000383  2024-11-26 00:38:31  Google Chrome      C:\xampp\htdocs\aska\application\controllers\SignIn\index 
000000384  2024-11-26 00:38:31  Google Chrome      C:\xampp\htdocs\aska\application\controllers\SignIn\index 
000000385  2024-11-26 00:38:32  Google Chrome      C:\xampp\htdocs\aska\application\controllers\SignIn\index 
000000386  2024-11-26 00:38:32  Google Chrome      C:\xampp\htdocs\aska\application\controllers\SignIn\index 
000000387  2024-11-26 00:38:33  Google Chrome      C:\xampp\htdocs\aska\application\controllers\SignIn\index 
000000388  2024-11-26 00:38:33  Google Chrome      C:\xampp\htdocs\aska\application\controllers\SignIn\index 
000000389  2024-11-26 00:38:34  Google Chrome      C:\xampp\htdocs\aska\application\controllers\SignIn\index 
000000390  2024-11-26 00:38:34  Google Chrome      C:\xampp\htdocs\aska\application\controllers\SignIn\index 
000000391  2024-11-26 00:38:35  Google Chrome      C:\xampp\htdocs\aska\application\controllers\SignIn\index 
000000392  2024-11-26 00:38:35  Google Chrome      C:\xampp\htdocs\aska\application\controllers\SignIn\index 
000000393  2024-11-26 00:38:36  Google Chrome      C:\xampp\htdocs\aska\application\controllers\SignIn\index 
000000394  2024-11-26 00:38:37  Google Chrome      C:\xampp\htdocs\aska\application\controllers\SignIn\index 
000000395  2024-11-26 00:38:37  Google Chrome      C:\xampp\htdocs\aska\application\controllers\SignIn\index 
000000396  2024-11-26 00:38:38  Google Chrome      C:\xampp\htdocs\aska\application\controllers\SignIn\index 
000000397  2024-11-26 00:38:38  Google Chrome      C:\xampp\htdocs\aska\application\controllers\SignIn\index 
000000398  2024-11-26 00:38:39  Google Chrome      C:\xampp\htdocs\aska\application\controllers\SignIn\index 
000000399  2024-11-26 00:38:39  Google Chrome      C:\xampp\htdocs\aska\application\controllers\SignIn\index 
000000400  2024-11-26 00:38:40  Google Chrome      C:\xampp\htdocs\aska\application\controllers\SignIn\index 
000000401  2024-11-26 00:38:40  Google Chrome      C:\xampp\htdocs\aska\application\controllers\SignIn\index 
000000402  2024-11-26 00:38:41  Google Chrome      C:\xampp\htdocs\aska\application\controllers\SignIn\index 
000000403  2024-11-26 00:38:41  Google Chrome      C:\xampp\htdocs\aska\application\controllers\SignIn\index 
000000404  2024-11-26 00:38:42  Google Chrome      C:\xampp\htdocs\aska\application\controllers\SignIn\index 
000000405  2024-11-26 00:38:42  Google Chrome      C:\xampp\htdocs\aska\application\controllers\SignIn\index 
000000406  2024-11-26 00:38:43  Google Chrome      C:\xampp\htdocs\aska\application\controllers\SignIn\index 
000000407  2024-11-26 00:38:43  Google Chrome      C:\xampp\htdocs\aska\application\controllers\SignIn\index 
000000408  2024-11-26 00:38:44  Google Chrome      C:\xampp\htdocs\aska\application\controllers\SignIn\index 
000000409  2024-11-26 00:38:45  Google Chrome      C:\xampp\htdocs\aska\application\controllers\SignIn\index 
000000410  2024-11-26 00:38:45  Google Chrome      C:\xampp\htdocs\aska\application\controllers\SignIn\index 
000000411  2024-11-26 00:38:46  Google Chrome      C:\xampp\htdocs\aska\application\controllers\SignIn\index 
000000412  2024-11-26 00:38:46  Google Chrome      C:\xampp\htdocs\aska\application\controllers\SignIn\index 
000000413  2024-11-26 00:38:47  Google Chrome      C:\xampp\htdocs\aska\application\controllers\SignIn\index 
000000414  2024-11-26 00:38:47  Google Chrome      C:\xampp\htdocs\aska\application\controllers\SignIn\index 
000000415  2024-11-26 00:38:48  Google Chrome      C:\xampp\htdocs\aska\application\controllers\SignIn\index 
000000416  2024-11-26 00:38:48  Google Chrome      C:\xampp\htdocs\aska\application\controllers\SignIn\index 
000000417  2024-11-26 00:38:48  Google Chrome      C:\xampp\htdocs\aska\application\controllers\SignIn\index 
000000418  2024-11-26 00:38:49  Google Chrome      C:\xampp\htdocs\aska\application\controllers\SignIn\index 
000000419  2024-11-26 00:38:50  Google Chrome      C:\xampp\htdocs\aska\application\controllers\SignIn\index 
000000420  2024-11-26 00:38:50  Google Chrome      C:\xampp\htdocs\aska\application\controllers\SignIn\index 
000000421  2024-11-26 00:38:51  Google Chrome      C:\xampp\htdocs\aska\application\controllers\SignIn\index 
000000422  2024-11-26 00:38:54  Google Chrome      C:\xampp\htdocs\aska\application\controllers\SignIn\index 
000000423  2024-11-26 18:03:17  Google Chrome      C:\xampp\htdocs\aska\application\controllers\SignIn\index 
000000424  2024-11-26 18:28:59  Google Chrome      C:\xampp\htdocs\aska\application\controllers\SignIn\index 
000000425  2024-11-26 18:32:12  Google Chrome      C:\xampp\htdocs\aska\application\controllers\SignIn\index 
000000426  2024-11-26 18:34:02  Google Chrome      C:\xampp\htdocs\aska\application\controllers\SignIn\index 
000000427  2024-11-26 18:35:13  Google Chrome      C:\xampp\htdocs\aska\application\controllers\SignIn\index 
000000428  2024-11-26 18:35:56  Google Chrome      C:\xampp\htdocs\aska\application\controllers\SignIn\index 
000000429  2024-11-26 18:36:47  Google Chrome      C:\xampp\htdocs\aska\application\controllers\SignIn\index 
000000430  2024-11-26 18:37:37  Google Chrome      C:\xampp\htdocs\aska\application\controllers\SignIn\index 
000000431  2024-11-26 18:37:44  Google Chrome      hari01 : C:\xampp\htdocs\aska\application\controllers\Dashboard\Home\index 
000000432  2024-11-26 18:37:55  Google Chrome      hari01 : C:\xampp\htdocs\aska\application\controllers\Dashboard\Pegawai\InputData\index 
000000433  2024-11-26 18:37:56  Google Chrome      hari01 : C:\xampp\htdocs\aska\application\controllers\Dashboard\Pegawai\InputData\getDataPegawai 
000000434  2024-11-26 18:37:56  Google Chrome      hari01 : C:\xampp\htdocs\aska\application\models\Dashboard\Pegawai\InputDataModel\getDataPegawai 
000000435  2024-11-26 19:01:03  Google Chrome      hari01 : C:\xampp\htdocs\aska\application\controllers\Dashboard\Pegawai\InputData\index 
000000436  2024-11-26 19:01:39  Google Chrome      hari01 : C:\xampp\htdocs\aska\application\controllers\Dashboard\Pegawai\InputData\index 
000000437  2024-11-26 19:03:03  Google Chrome      hari01 : C:\xampp\htdocs\aska\application\controllers\Dashboard\Pegawai\InputData\index 
000000438  2024-11-26 19:04:01  Google Chrome      hari01 : C:\xampp\htdocs\aska\application\controllers\Dashboard\Pegawai\InputData\index 
000000439  2024-11-26 19:09:26  Google Chrome      hari01 : C:\xampp\htdocs\aska\application\controllers\Dashboard\Pegawai\InputData\index 
000000440  2024-11-26 19:09:58  Google Chrome      hari01 : C:\xampp\htdocs\aska\application\controllers\Dashboard\Pegawai\InputData\index 
000000441  2024-11-26 19:12:25  Google Chrome      hari01 : C:\xampp\htdocs\aska\application\controllers\Dashboard\Pegawai\InputData\index 
000000442  2024-11-26 19:13:28  Google Chrome      hari01 : C:\xampp\htdocs\aska\application\controllers\Dashboard\Pegawai\InputData\index 
000000443  2024-11-26 19:14:12  Google Chrome      hari01 : C:\xampp\htdocs\aska\application\controllers\Dashboard\Pegawai\InputData\index 
000000444  2024-11-26 19:14:42  Google Chrome      hari01 : C:\xampp\htdocs\aska\application\controllers\Dashboard\Pegawai\InputData\index 
000000445  2024-11-26 19:16:22  Google Chrome      hari01 : C:\xampp\htdocs\aska\application\controllers\Dashboard\Pegawai\InputData\index 
000000446  2024-11-26 19:16:50  Google Chrome      hari01 : C:\xampp\htdocs\aska\application\controllers\Dashboard\Pegawai\InputData\index 
000000447  2024-11-26 19:17:18  Google Chrome      hari01 : C:\xampp\htdocs\aska\application\controllers\Dashboard\Pegawai\InputData\index 
000000448  2024-11-26 19:17:31  Google Chrome      hari01 : C:\xampp\htdocs\aska\application\controllers\Dashboard\Pegawai\InputData\index 
000000449  2024-11-26 19:19:25  Google Chrome      hari01 : C:\xampp\htdocs\aska\application\controllers\Dashboard\Pegawai\InputData\index 
000000450  2024-11-26 19:19:39  Google Chrome      hari01 : C:\xampp\htdocs\aska\application\controllers\Dashboard\Pegawai\InputData\index 
000000451  2024-11-26 19:20:03  Google Chrome      hari01 : C:\xampp\htdocs\aska\application\controllers\Dashboard\Pegawai\InputData\index 
000000452  2024-11-26 19:20:17  Google Chrome      hari01 : C:\xampp\htdocs\aska\application\controllers\Dashboard\Pegawai\InputData\index 
000000453  2024-11-26 19:24:40  Google Chrome      hari01 : C:\xampp\htdocs\aska\application\controllers\Dashboard\Pegawai\InputData\index 
000000454  2024-11-26 19:25:29  Google Chrome      hari01 : C:\xampp\htdocs\aska\application\controllers\Dashboard\Pegawai\InputData\index 
000000455  2024-11-26 19:26:21  Google Chrome      hari01 : C:\xampp\htdocs\aska\application\controllers\Dashboard\Pegawai\InputData\index 
000000456  2024-11-26 19:26:57  Google Chrome      hari01 : C:\xampp\htdocs\aska\application\controllers\Dashboard\Pegawai\InputData\index 
000000457  2024-11-26 19:28:40  Google Chrome      hari01 : C:\xampp\htdocs\aska\application\controllers\SignIn\logout 
000000458  2024-11-26 19:28:40  Google Chrome      C:\xampp\htdocs\aska\application\controllers\SignIn\index 
000000459  2024-11-26 19:29:13  Google Chrome      C:\xampp\htdocs\aska\application\controllers\SignIn\index 
000000460  2024-11-26 19:29:23  Google Chrome      C:\xampp\htdocs\aska\application\controllers\SignIn\index 
000000461  2024-11-26 19:29:24  Google Chrome      hari01 : C:\xampp\htdocs\aska\application\controllers\Dashboard\Pegawai\InputData\index 
000000462  2024-11-26 19:30:36  Google Chrome      hari01 : C:\xampp\htdocs\aska\application\controllers\Dashboard\Pegawai\InputData\index 
000000463  2024-11-26 19:35:34  Google Chrome      hari01 : C:\xampp\htdocs\aska\application\models\Dashboard\Pegawai\InputDataModel\saveDataPegawai save data pegawai started
000000464  2024-11-26 19:35:34  Google Chrome      hari01 : C:\xampp\htdocs\aska\application\models\Dashboard\Pegawai\InputDataModel\saveDataPegawai save data pegawai failed : Duplicate entry 'hari02' for key 'user_accounts_unique'
000000465  2024-11-26 19:35:49  Google Chrome      hari01 : C:\xampp\htdocs\aska\application\models\Dashboard\Pegawai\InputDataModel\saveDataPegawai save data pegawai started
000000466  2024-11-26 19:35:49  Google Chrome      hari01 : C:\xampp\htdocs\aska\application\models\Dashboard\Pegawai\InputDataModel\saveDataPegawai save data pegawai failed : Duplicate entry 'hari02' for key 'user_accounts_unique'
