No         Date/Time            Browser            Access Path
---------  -------------------  -----------------  ---------------------------------------------------------------------------------------
000000001  2024-12-01 03:13:51  Google Chrome      C:\xampp\htdocs\aska\application\controllers\SignIn\index 
000000002  2024-12-01 03:15:21  Google Chrome      C:\xampp\htdocs\aska\application\controllers\SignIn\index 
000000003  2024-12-01 03:15:21  Google Chrome      hari01 : C:\xampp\htdocs\aska\application\controllers\Dashboard\Home\index 
000000004  2024-12-01 03:15:29  Google Chrome      hari01 : C:\xampp\htdocs\aska\application\controllers\Dashboard\Setting\User\index 
000000005  2024-12-01 03:16:32  Google Chrome      hari01 : C:\xampp\htdocs\aska\application\models\Dashboard\Setting\UserModel\saveDataUser save data user
000000006  2024-12-01 03:17:06  Google Chrome      hari01 : C:\xampp\htdocs\aska\application\controllers\Dashboard\Pegawai\InputData\index 
000000007  2024-12-01 03:17:13  Google Chrome      hari01 : C:\xampp\htdocs\aska\application\controllers\Dashboard\Setting\User\index 
000000008  2024-12-01 03:17:40  Google Chrome      hari01 : C:\xampp\htdocs\aska\application\models\Dashboard\Setting\UserModel\deleteDataUser delete data user
000000009  2024-12-01 03:23:21  Google Chrome      hari01 : C:\xampp\htdocs\aska\application\controllers\Dashboard\Setting\User\index 
000000010  2024-12-01 03:23:52  Google Chrome      hari01 : C:\xampp\htdocs\aska\application\controllers\Dashboard\Setting\User\index 
000000011  2024-12-01 03:24:13  Google Chrome      hari01 : C:\xampp\htdocs\aska\application\controllers\Dashboard\Setting\User\index 
000000012  2024-12-01 03:24:36  Google Chrome      hari01 : C:\xampp\htdocs\aska\application\controllers\Dashboard\Setting\User\index 
000000013  2024-12-01 03:24:57  Google Chrome      hari01 : C:\xampp\htdocs\aska\application\controllers\Dashboard\Setting\User\index 
000000014  2024-12-01 03:25:17  Google Chrome      hari01 : C:\xampp\htdocs\aska\application\controllers\Dashboard\Setting\User\index 
000000015  2024-12-01 03:25:28  Google Chrome      hari01 : C:\xampp\htdocs\aska\application\controllers\Dashboard\Setting\User\index 
000000016  2024-12-01 03:30:23  Google Chrome      hari01 : C:\xampp\htdocs\aska\application\controllers\Dashboard\Setting\User\index 
000000017  2024-12-01 03:33:13  Google Chrome      hari01 : C:\xampp\htdocs\aska\application\controllers\Dashboard\Setting\User\index 
000000018  2024-12-01 03:37:05  Google Chrome      hari01 : C:\xampp\htdocs\aska\application\controllers\Dashboard\Setting\User\index 
000000019  2024-12-01 03:40:12  Google Chrome      hari01 : C:\xampp\htdocs\aska\application\controllers\Dashboard\Setting\User\index 
000000020  2024-12-01 03:43:39  Google Chrome      hari01 : C:\xampp\htdocs\aska\application\controllers\Dashboard\Setting\User\index 
000000021  2024-12-01 03:49:17  Google Chrome      hari01 : C:\xampp\htdocs\aska\application\controllers\Dashboard\Setting\User\index 
000000022  2024-12-01 03:49:43  Google Chrome      hari01 : C:\xampp\htdocs\aska\application\controllers\Dashboard\Setting\User\index 
000000023  2024-12-01 03:52:33  Google Chrome      hari01 : C:\xampp\htdocs\aska\application\controllers\Dashboard\Setting\User\index 
000000024  2024-12-01 03:54:04  Google Chrome      hari01 : C:\xampp\htdocs\aska\application\controllers\Dashboard\Setting\User\index 
000000025  2024-12-01 03:58:39  Google Chrome      hari01 : C:\xampp\htdocs\aska\application\controllers\Dashboard\Setting\User\index 
000000026  2024-12-01 03:59:22  Google Chrome      hari01 : C:\xampp\htdocs\aska\application\controllers\Dashboard\Setting\User\index 
000000027  2024-12-01 04:01:53  Google Chrome      hari01 : C:\xampp\htdocs\aska\application\models\Dashboard\Setting\UserModel\saveDataUser save data user
000000028  2024-12-01 04:05:21  Google Chrome      hari01 : C:\xampp\htdocs\aska\application\controllers\Dashboard\Setting\User\index 
000000029  2024-12-01 04:07:45  Google Chrome      hari01 : C:\xampp\htdocs\aska\application\controllers\Dashboard\Setting\User\index 
000000030  2024-12-01 04:08:29  Google Chrome      hari01 : C:\xampp\htdocs\aska\application\models\Dashboard\Setting\UserModel\saveDataUser save data user
000000031  2024-12-01 05:52:50  Google Chrome      hari01 : C:\xampp\htdocs\aska\application\controllers\Dashboard\Setting\User\index 
000000032  2024-12-01 05:53:22  Google Chrome      hari01 : C:\xampp\htdocs\aska\application\controllers\Dashboard\Setting\User\index 
000000033  2024-12-01 05:54:07  Google Chrome      hari01 : C:\xampp\htdocs\aska\application\controllers\Dashboard\Setting\User\index 
000000034  2024-12-01 05:54:23  Google Chrome      hari01 : C:\xampp\htdocs\aska\application\models\Dashboard\Setting\UserModel\deleteDataUser delete data user
000000035  2024-12-01 05:54:36  Google Chrome      hari01 : C:\xampp\htdocs\aska\application\controllers\Dashboard\Setting\User\index 
000000036  2024-12-01 05:54:41  Google Chrome      hari01 : C:\xampp\htdocs\aska\application\models\Dashboard\Setting\UserModel\deleteDataUser delete data user
000000037  2024-12-01 05:54:48  Google Chrome      hari01 : C:\xampp\htdocs\aska\application\models\Dashboard\Setting\UserModel\deleteDataUser delete data user
000000038  2024-12-01 05:54:52  Google Chrome      hari01 : C:\xampp\htdocs\aska\application\controllers\SignIn\logout 
000000039  2024-12-01 05:54:53  Google Chrome      C:\xampp\htdocs\aska\application\controllers\SignIn\index 
000000040  2024-12-01 13:16:02  Google Chrome      C:\xampp\htdocs\aska\application\controllers\SignIn\index 
000000041  2024-12-01 13:16:11  Google Chrome      C:\xampp\htdocs\aska\application\controllers\SignIn\index 
000000042  2024-12-01 13:16:12  Google Chrome      hari01 : C:\xampp\htdocs\aska\application\controllers\Dashboard\Home\index 
000000043  2024-12-01 13:16:16  Google Chrome      hari01 : C:\xampp\htdocs\aska\application\controllers\Dashboard\Setting\User\index 
000000044  2024-12-01 13:16:53  Google Chrome      hari01 : C:\xampp\htdocs\aska\application\models\Dashboard\Setting\UserModel\saveDataUser save data user
000000045  2024-12-01 19:18:01  Google Chrome      hari01 : C:\xampp\htdocs\aska\application\models\Dashboard\Setting\UserModel\deleteDataUser delete data user
000000046  2024-12-01 19:18:25  Google Chrome      hari01 : C:\xampp\htdocs\aska\application\models\Dashboard\Setting\UserModel\saveDataUser save data user
000000047  2024-12-01 19:21:00  Google Chrome      hari01 : C:\xampp\htdocs\aska\application\controllers\Dashboard\Setting\User\index 
000000048  2024-12-01 19:21:34  Google Chrome      hari01 : C:\xampp\htdocs\aska\application\controllers\Dashboard\Setting\User\index 
000000049  2024-12-01 19:22:03  Google Chrome      hari01 : C:\xampp\htdocs\aska\application\controllers\Dashboard\Setting\User\index 
000000050  2024-12-01 19:38:22  Google Chrome      hari01 : C:\xampp\htdocs\aska\application\controllers\Dashboard\Setting\User\index 
000000051  2024-12-01 19:39:37  Google Chrome      hari01 : C:\xampp\htdocs\aska\application\controllers\Dashboard\Setting\User\index 
000000052  2024-12-01 19:40:25  Google Chrome      hari01 : C:\xampp\htdocs\aska\application\controllers\Dashboard\Setting\User\index 
000000053  2024-12-01 19:40:34  Google Chrome      hari01 : C:\xampp\htdocs\aska\application\models\Dashboard\Setting\UserModel\getDataSettingUserForUpdate get data setting user for update
000000054  2024-12-01 19:41:27  Google Chrome      hari01 : C:\xampp\htdocs\aska\application\controllers\Dashboard\Setting\User\index 
000000055  2024-12-01 19:41:29  Google Chrome      hari01 : C:\xampp\htdocs\aska\application\models\Dashboard\Setting\UserModel\getDataSettingUserForUpdate get data setting user for update
000000056  2024-12-01 19:42:08  Google Chrome      hari01 : C:\xampp\htdocs\aska\application\controllers\Dashboard\Setting\User\index 
000000057  2024-12-01 19:42:11  Google Chrome      hari01 : C:\xampp\htdocs\aska\application\models\Dashboard\Setting\UserModel\getDataSettingUserForUpdate get data setting user for update
000000058  2024-12-01 19:45:49  Google Chrome      hari01 : C:\xampp\htdocs\aska\application\controllers\Dashboard\Setting\User\index 
000000059  2024-12-01 19:45:55  Google Chrome      hari01 : C:\xampp\htdocs\aska\application\models\Dashboard\Setting\UserModel\getDataSettingUserForUpdate get data setting user for update
000000060  2024-12-01 19:47:35  Google Chrome      hari01 : C:\xampp\htdocs\aska\application\controllers\Dashboard\Setting\User\index 
000000061  2024-12-01 19:47:41  Google Chrome      hari01 : C:\xampp\htdocs\aska\application\models\Dashboard\Setting\UserModel\getDataSettingUserForUpdate get data setting user for update
000000062  2024-12-01 19:48:25  Google Chrome      hari01 : C:\xampp\htdocs\aska\application\controllers\Dashboard\Setting\User\index 
000000063  2024-12-01 19:48:27  Google Chrome      hari01 : C:\xampp\htdocs\aska\application\models\Dashboard\Setting\UserModel\getDataSettingUserForUpdate get data setting user for update
000000064  2024-12-01 19:48:44  Google Chrome      hari01 : C:\xampp\htdocs\aska\application\controllers\Dashboard\Setting\User\index 
000000065  2024-12-01 19:48:52  Google Chrome      hari01 : C:\xampp\htdocs\aska\application\models\Dashboard\Setting\UserModel\getDataSettingUserForUpdate get data setting user for update
000000066  2024-12-01 19:49:15  Google Chrome      hari01 : C:\xampp\htdocs\aska\application\models\Dashboard\Setting\UserModel\getDataSettingUserForUpdate get data setting user for update
000000067  2024-12-01 19:49:23  Google Chrome      hari01 : C:\xampp\htdocs\aska\application\controllers\Dashboard\Setting\User\index 
000000068  2024-12-01 19:49:44  Google Chrome      hari01 : C:\xampp\htdocs\aska\application\models\Dashboard\Setting\UserModel\saveDataUser save data user
000000069  2024-12-01 19:49:52  Google Chrome      hari01 : C:\xampp\htdocs\aska\application\models\Dashboard\Setting\UserModel\getDataSettingUserForUpdate get data setting user for update
000000070  2024-12-01 19:50:41  Google Chrome      hari01 : C:\xampp\htdocs\aska\application\controllers\Dashboard\Setting\User\index 
000000071  2024-12-01 19:51:10  Google Chrome      hari01 : C:\xampp\htdocs\aska\application\models\Dashboard\Setting\UserModel\saveDataUser save data user
000000072  2024-12-01 19:53:56  Google Chrome      hari01 : C:\xampp\htdocs\aska\application\controllers\Dashboard\Setting\User\index 
000000073  2024-12-01 19:54:11  Google Chrome      hari01 : C:\xampp\htdocs\aska\application\models\Dashboard\Setting\UserModel\saveDataUser save data user
000000074  2024-12-01 19:54:22  Google Chrome      hari01 : C:\xampp\htdocs\aska\application\models\Dashboard\Setting\UserModel\deleteDataUser delete data user
000000075  2024-12-01 19:54:25  Google Chrome      hari01 : C:\xampp\htdocs\aska\application\models\Dashboard\Setting\UserModel\deleteDataUser delete data user
000000076  2024-12-01 19:54:28  Google Chrome      hari01 : C:\xampp\htdocs\aska\application\models\Dashboard\Setting\UserModel\deleteDataUser delete data user
000000077  2024-12-01 19:54:30  Google Chrome      hari01 : C:\xampp\htdocs\aska\application\models\Dashboard\Setting\UserModel\deleteDataUser delete data user
000000078  2024-12-01 19:55:42  Google Chrome      hari01 : C:\xampp\htdocs\aska\application\controllers\Dashboard\Setting\User\index 
000000079  2024-12-01 19:55:59  Google Chrome      hari01 : C:\xampp\htdocs\aska\application\models\Dashboard\Setting\UserModel\saveDataUser save data user
000000080  2024-12-01 19:56:10  Google Chrome      hari01 : C:\xampp\htdocs\aska\application\models\Dashboard\Setting\UserModel\getDataSettingUserForUpdate get data setting user for update
000000081  2024-12-01 19:56:54  Google Chrome      hari01 : C:\xampp\htdocs\aska\application\controllers\Dashboard\Setting\User\index 
000000082  2024-12-01 19:57:00  Google Chrome      hari01 : C:\xampp\htdocs\aska\application\models\Dashboard\Setting\UserModel\getDataSettingUserForUpdate get data setting user for update
000000083  2024-12-01 20:00:18  Google Chrome      hari01 : C:\xampp\htdocs\aska\application\controllers\Dashboard\Setting\User\index 
000000084  2024-12-01 20:00:22  Google Chrome      hari01 : C:\xampp\htdocs\aska\application\models\Dashboard\Setting\UserModel\getDataSettingUserForUpdate get data setting user for update
000000085  2024-12-01 20:02:17  Google Chrome      hari01 : C:\xampp\htdocs\aska\application\controllers\Dashboard\Setting\User\index 
000000086  2024-12-01 20:02:20  Google Chrome      hari01 : C:\xampp\htdocs\aska\application\models\Dashboard\Setting\UserModel\getDataSettingUserForUpdate get data setting user for update
000000087  2024-12-01 20:02:33  Google Chrome      hari01 : C:\xampp\htdocs\aska\application\controllers\Dashboard\Setting\User\index 
000000088  2024-12-01 20:02:36  Google Chrome      hari01 : C:\xampp\htdocs\aska\application\models\Dashboard\Setting\UserModel\getDataSettingUserForUpdate get data setting user for update
000000089  2024-12-01 20:04:26  Google Chrome      hari01 : C:\xampp\htdocs\aska\application\controllers\Dashboard\Setting\User\index 
000000090  2024-12-01 20:04:47  Google Chrome      hari01 : C:\xampp\htdocs\aska\application\controllers\Dashboard\Setting\User\index 
000000091  2024-12-01 20:04:53  Google Chrome      hari01 : C:\xampp\htdocs\aska\application\models\Dashboard\Setting\UserModel\getDataSettingUserForUpdate get data setting user for update
000000092  2024-12-01 20:08:13  Google Chrome      hari01 : C:\xampp\htdocs\aska\application\controllers\Dashboard\Setting\User\index 
000000093  2024-12-01 20:08:22  Google Chrome      hari01 : C:\xampp\htdocs\aska\application\controllers\Dashboard\Setting\User\index 
000000094  2024-12-01 20:09:48  Google Chrome      hari01 : C:\xampp\htdocs\aska\application\controllers\Dashboard\Setting\User\index 
000000095  2024-12-01 20:09:52  Google Chrome      hari01 : C:\xampp\htdocs\aska\application\models\Dashboard\Setting\UserModel\getDataSettingUserForUpdate get data setting user for update
000000096  2024-12-01 20:10:05  Google Chrome      hari01 : C:\xampp\htdocs\aska\application\controllers\Dashboard\Setting\User\index 
000000097  2024-12-01 20:10:08  Google Chrome      hari01 : C:\xampp\htdocs\aska\application\models\Dashboard\Setting\UserModel\getDataSettingUserForUpdate get data setting user for update
000000098  2024-12-01 20:10:24  Google Chrome      hari01 : C:\xampp\htdocs\aska\application\controllers\Dashboard\Setting\User\index 
000000099  2024-12-01 20:10:27  Google Chrome      hari01 : C:\xampp\htdocs\aska\application\models\Dashboard\Setting\UserModel\getDataSettingUserForUpdate get data setting user for update
000000100  2024-12-01 20:10:43  Google Chrome      hari01 : C:\xampp\htdocs\aska\application\controllers\Dashboard\Setting\User\index 
000000101  2024-12-01 20:10:46  Google Chrome      hari01 : C:\xampp\htdocs\aska\application\models\Dashboard\Setting\UserModel\getDataSettingUserForUpdate get data setting user for update
000000102  2024-12-01 20:11:08  Google Chrome      hari01 : C:\xampp\htdocs\aska\application\controllers\Dashboard\Setting\User\index 
000000103  2024-12-01 20:11:14  Google Chrome      hari01 : C:\xampp\htdocs\aska\application\models\Dashboard\Setting\UserModel\getDataSettingUserForUpdate get data setting user for update
000000104  2024-12-01 20:11:39  Google Chrome      hari01 : C:\xampp\htdocs\aska\application\controllers\Dashboard\Setting\User\index 
000000105  2024-12-01 20:11:43  Google Chrome      hari01 : C:\xampp\htdocs\aska\application\models\Dashboard\Setting\UserModel\getDataSettingUserForUpdate get data setting user for update
000000106  2024-12-01 20:12:54  Google Chrome      hari01 : C:\xampp\htdocs\aska\application\controllers\Dashboard\Setting\User\index 
000000107  2024-12-01 20:13:00  Google Chrome      hari01 : C:\xampp\htdocs\aska\application\models\Dashboard\Setting\UserModel\getDataSettingUserForUpdate get data setting user for update
000000108  2024-12-01 20:13:13  Google Chrome      hari01 : C:\xampp\htdocs\aska\application\controllers\Dashboard\Setting\User\index 
000000109  2024-12-01 20:13:16  Google Chrome      hari01 : C:\xampp\htdocs\aska\application\models\Dashboard\Setting\UserModel\getDataSettingUserForUpdate get data setting user for update
000000110  2024-12-01 20:13:43  Google Chrome      hari01 : C:\xampp\htdocs\aska\application\controllers\Dashboard\Setting\User\index 
000000111  2024-12-01 20:13:47  Google Chrome      hari01 : C:\xampp\htdocs\aska\application\models\Dashboard\Setting\UserModel\getDataSettingUserForUpdate get data setting user for update
000000112  2024-12-01 20:14:07  Google Chrome      hari01 : C:\xampp\htdocs\aska\application\controllers\Dashboard\Setting\User\index 
000000113  2024-12-01 20:14:12  Google Chrome      hari01 : C:\xampp\htdocs\aska\application\models\Dashboard\Setting\UserModel\getDataSettingUserForUpdate get data setting user for update
000000114  2024-12-01 20:14:35  Google Chrome      hari01 : C:\xampp\htdocs\aska\application\models\Dashboard\Setting\UserModel\getDataSettingUserForUpdate get data setting user for update
000000115  2024-12-01 20:14:39  Google Chrome      hari01 : C:\xampp\htdocs\aska\application\controllers\Dashboard\Setting\User\index 
000000116  2024-12-01 20:14:41  Google Chrome      hari01 : C:\xampp\htdocs\aska\application\models\Dashboard\Setting\UserModel\getDataSettingUserForUpdate get data setting user for update
000000117  2024-12-01 21:12:26  Google Chrome      C:\xampp\htdocs\aska\application\controllers\SignIn\index 
000000118  2024-12-01 21:12:26  Google Chrome      hari01 : C:\xampp\htdocs\aska\application\controllers\Dashboard\Home\index 
000000119  2024-12-01 21:13:13  Google Chrome      hari01 : C:\xampp\htdocs\aska\application\controllers\Dashboard\Setting\User\index 
000000120  2024-12-01 21:13:21  Google Chrome      hari01 : C:\xampp\htdocs\aska\application\models\Dashboard\Setting\UserModel\getDataSettingUserForUpdate get data setting user for update
000000121  2024-12-01 21:16:30  Google Chrome      hari01 : C:\xampp\htdocs\aska\application\controllers\SignIn\logout 
000000122  2024-12-01 21:16:30  Google Chrome      C:\xampp\htdocs\aska\application\controllers\SignIn\index 
000000123  2024-12-01 21:30:11  Google Chrome      C:\xampp\htdocs\aska\application\controllers\SignIn\index 
000000124  2024-12-01 21:30:23  Google Chrome      C:\xampp\htdocs\aska\application\controllers\SignIn\index 
000000125  2024-12-01 21:30:23  Google Chrome      hari01 : C:\xampp\htdocs\aska\application\controllers\Dashboard\Home\index 
000000126  2024-12-01 21:30:29  Google Chrome      hari01 : C:\xampp\htdocs\aska\application\controllers\Dashboard\Setting\User\index 
000000127  2024-12-01 21:30:37  Google Chrome      hari01 : C:\xampp\htdocs\aska\application\models\Dashboard\Setting\UserModel\getDataSettingUserForUpdate get data setting user for update
000000128  2024-12-01 21:34:58  Google Chrome      hari01 : C:\xampp\htdocs\aska\application\controllers\Dashboard\Setting\User\index 
000000129  2024-12-01 21:35:02  Google Chrome      hari01 : C:\xampp\htdocs\aska\application\models\Dashboard\Setting\UserModel\getDataSettingUserForUpdate get data setting user for update
000000130  2024-12-01 21:36:08  Google Chrome      hari01 : C:\xampp\htdocs\aska\application\controllers\Dashboard\Setting\User\index 
000000131  2024-12-01 21:36:13  Google Chrome      hari01 : C:\xampp\htdocs\aska\application\models\Dashboard\Setting\UserModel\getDataSettingUserForUpdate get data setting user for update
000000132  2024-12-01 21:57:28  Google Chrome      hari01 : C:\xampp\htdocs\aska\application\controllers\Dashboard\Pegawai\RekapDataAll\index 
000000133  2024-12-01 21:57:28  Google Chrome      hari01 : C:\xampp\htdocs\aska\application\models\Dashboard\Pegawai\RekapDataAllModel\getRekapAllDataPegwai get rekap all data pegawai
000000134  2024-12-01 22:11:37  Google Chrome      hari01 : C:\xampp\htdocs\aska\application\controllers\SignIn\logout 
000000135  2024-12-01 22:11:38  Google Chrome      C:\xampp\htdocs\aska\application\controllers\SignIn\index 
000000136  2024-12-01 22:11:47  Google Chrome      C:\xampp\htdocs\aska\application\controllers\SignIn\index 
000000137  2024-12-01 22:11:49  Google Chrome      hari01 : C:\xampp\htdocs\aska\application\controllers\Dashboard\Home\index 
000000138  2024-12-01 22:11:58  Google Chrome      hari01 : C:\xampp\htdocs\aska\application\controllers\Dashboard\Setting\User\index 
000000139  2024-12-01 22:13:50  Google Chrome      hari01 : C:\xampp\htdocs\aska\application\controllers\Dashboard\Setting\User\index 
000000140  2024-12-01 22:14:21  Google Chrome      hari01 : C:\xampp\htdocs\aska\application\models\Dashboard\Setting\UserModel\saveDataUser save data user
000000141  2024-12-01 22:14:52  Google Chrome      hari01 : C:\xampp\htdocs\aska\application\models\Dashboard\Setting\UserModel\deleteDataUser delete data user
000000142  2024-12-01 22:16:00  Google Chrome      hari01 : C:\xampp\htdocs\aska\application\models\Dashboard\Setting\UserModel\getDataSettingUserForUpdate get data setting user for update
000000143  2024-12-01 22:35:55  Google Chrome      hari01 : C:\xampp\htdocs\aska\application\controllers\SignIn\logout 
000000144  2024-12-01 22:35:56  Google Chrome      C:\xampp\htdocs\aska\application\controllers\SignIn\index 
000000145  2024-12-01 22:36:04  Google Chrome      C:\xampp\htdocs\aska\application\controllers\SignIn\index 
000000146  2024-12-01 22:36:05  Google Chrome      hari01 : C:\xampp\htdocs\aska\application\controllers\Dashboard\Home\index 
000000147  2024-12-01 22:36:10  Google Chrome      hari01 : C:\xampp\htdocs\aska\application\controllers\Dashboard\Setting\User\index 
000000148  2024-12-01 22:40:23  Google Chrome      hari01 : C:\xampp\htdocs\aska\application\controllers\Dashboard\Setting\User\index 
000000149  2024-12-01 22:43:19  Google Chrome      hari01 : C:\xampp\htdocs\aska\application\controllers\Dashboard\Setting\User\index 
000000150  2024-12-01 22:45:15  Google Chrome      hari01 : C:\xampp\htdocs\aska\application\controllers\Dashboard\Setting\User\index 
000000151  2024-12-01 22:45:59  Google Chrome      hari01 : C:\xampp\htdocs\aska\application\controllers\Dashboard\Setting\User\index 
000000152  2024-12-01 22:47:31  Google Chrome      hari01 : C:\xampp\htdocs\aska\application\controllers\Dashboard\Setting\User\index 
000000153  2024-12-01 22:48:39  Google Chrome      hari01 : C:\xampp\htdocs\aska\application\controllers\Dashboard\Setting\User\index 
000000154  2024-12-01 22:50:08  Google Chrome      hari01 : C:\xampp\htdocs\aska\application\controllers\Dashboard\Setting\User\index 
000000155  2024-12-01 22:50:46  Google Chrome      hari01 : C:\xampp\htdocs\aska\application\models\Dashboard\Setting\UserModel\saveDataUser save data user
000000156  2024-12-01 22:52:34  Google Chrome      hari01 : C:\xampp\htdocs\aska\application\controllers\Dashboard\Setting\User\index 
000000157  2024-12-01 22:53:19  Google Chrome      hari01 : C:\xampp\htdocs\aska\application\models\Dashboard\Setting\UserModel\saveDataUser save data user
000000158  2024-12-01 22:54:35  Google Chrome      hari01 : C:\xampp\htdocs\aska\application\controllers\Dashboard\Setting\User\index 
000000159  2024-12-01 22:56:14  Google Chrome      hari01 : C:\xampp\htdocs\aska\application\controllers\Dashboard\Setting\User\index 
000000160  2024-12-01 22:56:45  Google Chrome      hari01 : C:\xampp\htdocs\aska\application\models\Dashboard\Setting\UserModel\getDataSettingUserForUpdate get data setting user for update
000000161  2024-12-01 22:57:47  Google Chrome      hari01 : C:\xampp\htdocs\aska\application\models\Dashboard\Setting\UserModel\getDataSettingUserForUpdate get data setting user for update
000000162  2024-12-01 22:58:04  Google Chrome      hari01 : C:\xampp\htdocs\aska\application\models\Dashboard\Setting\UserModel\getDataSettingUserForUpdate get data setting user for update
000000163  2024-12-01 22:58:33  Google Chrome      hari01 : C:\xampp\htdocs\aska\application\models\Dashboard\Setting\UserModel\deleteDataUser delete data user
000000164  2024-12-01 22:59:42  Google Chrome      hari01 : C:\xampp\htdocs\aska\application\controllers\SignIn\logout 
000000165  2024-12-01 22:59:42  Google Chrome      C:\xampp\htdocs\aska\application\controllers\SignIn\index 
000000166  2024-12-01 23:00:35  Google Chrome      C:\xampp\htdocs\aska\application\controllers\SignIn\index 
000000167  2024-12-01 23:14:55  Google Chrome      C:\xampp\htdocs\aska\application\controllers\SignIn\index 
000000168  2024-12-01 23:17:48  Google Chrome      C:\xampp\htdocs\aska\application\controllers\SignIn\index 
000000169  2024-12-01 23:18:54  Google Chrome      C:\xampp\htdocs\aska\application\controllers\SignIn\index 
000000170  2024-12-01 23:19:55  Google Chrome      C:\xampp\htdocs\aska\application\controllers\SignIn\index 
000000171  2024-12-01 23:20:30  Google Chrome      C:\xampp\htdocs\aska\application\controllers\SignIn\index 
000000172  2024-12-01 23:20:57  Google Chrome      C:\xampp\htdocs\aska\application\controllers\SignIn\index 
000000173  2024-12-01 23:20:57  Google Chrome      admpegawai : C:\xampp\htdocs\aska\application\controllers\Dashboard\Home\index 
000000174  2024-12-01 23:21:46  Google Chrome      admpegawai : C:\xampp\htdocs\aska\application\controllers\SignIn\logout 
000000175  2024-12-01 23:21:46  Google Chrome      C:\xampp\htdocs\aska\application\controllers\SignIn\index 
000000176  2024-12-01 23:21:53  Google Chrome      C:\xampp\htdocs\aska\application\controllers\SignIn\index 
000000177  2024-12-01 23:22:32  Google Chrome      C:\xampp\htdocs\aska\application\controllers\SignIn\index 
000000178  2024-12-01 23:22:32  Google Chrome      admpegawai : C:\xampp\htdocs\aska\application\controllers\Dashboard\Home\index 
000000179  2024-12-01 23:30:24  Google Chrome      admpegawai : C:\xampp\htdocs\aska\application\controllers\SignIn\logout 
000000180  2024-12-01 23:30:24  Google Chrome      C:\xampp\htdocs\aska\application\controllers\SignIn\index 
000000181  2024-12-01 23:30:30  Google Chrome      C:\xampp\htdocs\aska\application\controllers\SignIn\index 
000000182  2024-12-01 23:30:31  Google Chrome      admpegawai : C:\xampp\htdocs\aska\application\controllers\Dashboard\Home\index 
000000183  2024-12-01 23:31:01  Google Chrome      admpegawai : C:\xampp\htdocs\aska\application\controllers\SignIn\logout 
000000184  2024-12-01 23:31:02  Google Chrome      C:\xampp\htdocs\aska\application\controllers\SignIn\index 
000000185  2024-12-01 23:31:07  Google Chrome      C:\xampp\htdocs\aska\application\controllers\SignIn\index 
000000186  2024-12-01 23:31:08  Google Chrome      admpegawai : C:\xampp\htdocs\aska\application\controllers\Dashboard\Home\index 
000000187  2024-12-01 23:31:30  Google Chrome      admpegawai : C:\xampp\htdocs\aska\application\controllers\SignIn\logout 
000000188  2024-12-01 23:31:30  Google Chrome      C:\xampp\htdocs\aska\application\controllers\SignIn\index 
000000189  2024-12-01 23:32:38  Google Chrome      C:\xampp\htdocs\aska\application\controllers\SignIn\index 
000000190  2024-12-01 23:32:38  Google Chrome      admpegawai : C:\xampp\htdocs\aska\application\controllers\Dashboard\Home\index 
000000191  2024-12-01 23:32:55  Google Chrome      admpegawai : C:\xampp\htdocs\aska\application\controllers\SignIn\logout 
000000192  2024-12-01 23:32:55  Google Chrome      C:\xampp\htdocs\aska\application\controllers\SignIn\index 
000000193  2024-12-01 23:33:27  Google Chrome      C:\xampp\htdocs\aska\application\controllers\SignIn\index 
000000194  2024-12-01 23:33:27  Google Chrome      abot : C:\xampp\htdocs\aska\application\controllers\Dashboard\Home\index 
000000195  2024-12-01 23:33:32  Google Chrome      abot : C:\xampp\htdocs\aska\application\controllers\Dashboard\Setting\User\index 
000000196  2024-12-01 23:34:10  Google Chrome      abot : C:\xampp\htdocs\aska\application\models\Dashboard\Setting\UserModel\saveDataUser save data user
000000197  2024-12-01 23:34:22  Google Chrome      abot : C:\xampp\htdocs\aska\application\controllers\SignIn\logout 
000000198  2024-12-01 23:34:22  Google Chrome      C:\xampp\htdocs\aska\application\controllers\SignIn\index 
000000199  2024-12-01 23:34:29  Google Chrome      C:\xampp\htdocs\aska\application\controllers\SignIn\index 
000000200  2024-12-01 23:34:29  Google Chrome      bos : C:\xampp\htdocs\aska\application\controllers\Dashboard\Home\index 
000000201  2024-12-01 23:34:56  Google Chrome      bos : C:\xampp\htdocs\aska\application\controllers\SignIn\logout 
000000202  2024-12-01 23:34:56  Google Chrome      C:\xampp\htdocs\aska\application\controllers\SignIn\index 
000000203  2024-12-01 23:35:13  Google Chrome      C:\xampp\htdocs\aska\application\controllers\SignIn\index 
000000204  2024-12-01 23:35:13  Google Chrome      abot : C:\xampp\htdocs\aska\application\controllers\Dashboard\Home\index 
000000205  2024-12-01 23:41:00  Google Chrome      abot : C:\xampp\htdocs\aska\application\controllers\SignIn\logout 
000000206  2024-12-01 23:41:01  Google Chrome      C:\xampp\htdocs\aska\application\controllers\SignIn\index 
000000207  2024-12-01 23:41:07  Google Chrome      C:\xampp\htdocs\aska\application\controllers\SignIn\index 
000000208  2024-12-01 23:41:40  Google Chrome      C:\xampp\htdocs\aska\application\controllers\SignIn\index 
000000209  2024-12-01 23:43:40  Google Chrome      C:\xampp\htdocs\aska\application\controllers\SignIn\index 
000000210  2024-12-01 23:44:47  Google Chrome      C:\xampp\htdocs\aska\application\controllers\SignIn\index 
000000211  2024-12-01 23:46:02  Google Chrome      C:\xampp\htdocs\aska\application\controllers\SignIn\index 
000000212  2024-12-01 23:46:03  Google Chrome      abot : C:\xampp\htdocs\aska\application\controllers\Dashboard\Home\index 
000000213  2024-12-01 23:46:12  Google Chrome      abot : C:\xampp\htdocs\aska\application\controllers\Dashboard\Setting\User\index 
